#
# There is insufficient memory for the Java Runtime Environment to continue.
# Native memory allocation (malloc) failed to allocate 1013136 bytes for Chunk::new
# Possible reasons:
#   The system is out of physical RAM or swap space
#   The process is running with CompressedOops enabled, and the Java Heap may be blocking the growth of the native heap
# Possible solutions:
#   Reduce memory load on the system
#   Increase physical memory or swap space
#   Check if swap backing store is full
#   Decrease Java heap size (-Xmx/-Xms)
#   Decrease number of Java threads
#   Decrease Java thread stack sizes (-Xss)
#   Set larger code cache with -XX:ReservedCodeCacheSize=
#   JVM is running with Zero Based Compressed Oops mode in which the Java heap is
#     placed in the first 32GB address space. The Java Heap base address is the
#     maximum limit for the native heap growth. Please use -XX:HeapBaseMinAddress
#     to set the Java Heap base and to place the Java Heap above 32GB virtual address.
# This output file may be truncated or incomplete.
#
#  Out of Memory Error (t:/workspace/open/src/hotspot/share/memory/arena.cpp:197), pid=8652, tid=21660
#
# JRE version: OpenJDK Runtime Environment (11.0.2+9) (build 11.0.2+9)
# Java VM: OpenJDK 64-Bit Server VM (11.0.2+9, mixed mode, tiered, compressed oops, g1 gc, windows-amd64)
# No core dump will be written. Minidumps are not enabled by default on client versions of Windows
#

---------------  S U M M A R Y ------------

Command Line: -agentlib:jdwp=transport=dt_socket,suspend=y,address=localhost:51675 -javaagent:G:\WORK\JAVA_FOLDER\Eclipses\eclipse122020\eclipse\configuration\org.eclipse.osgi\405\0\.cp\lib\javaagent-shaded.jar -Dfile.encoding=UTF-8 com.example.kafka.producer.ProducerApplication

Host: Intel(R) Core(TM) i7-3930K CPU @ 3.20GHz, 12 cores, 63G,  Windows 10 , 64 bit Build 18362 (10.0.18362.1110)
Time: Tue Oct 12 11:15:28 2021 Hora oficial do Brasil elapsed time: 2 seconds (0d 0h 0m 2s)

---------------  T H R E A D  ---------------

Current thread (0x000001ce5184e800):  JavaThread "C2 CompilerThread0" daemon [_thread_in_native, id=21660, stack(0x0000002aaf800000,0x0000002aaf900000)]


Current CompileTask:
C2:   2666 1595       4       org.eclipse.jdt.launching.internal.org.objectweb.asm.SymbolTable::<init> (536 bytes)

Stack: [0x0000002aaf800000,0x0000002aaf900000]
Native frames: (J=compiled Java code, j=interpreted, Vv=VM code, C=native code)
V  [jvm.dll+0x63489a]
V  [jvm.dll+0x771f9f]
V  [jvm.dll+0x773648]
V  [jvm.dll+0x773d03]
V  [jvm.dll+0x25eba8]
V  [jvm.dll+0xc2191]
V  [jvm.dll+0xc271c]
V  [jvm.dll+0x2cf964]
V  [jvm.dll+0x55129f]
V  [jvm.dll+0x21ab0f]
V  [jvm.dll+0x217a46]
V  [jvm.dll+0x194370]
V  [jvm.dll+0x226b3f]
V  [jvm.dll+0x225148]
V  [jvm.dll+0x73774d]
V  [jvm.dll+0x633942]
C  [ucrtbase.dll+0x210b2]
C  [KERNEL32.DLL+0x17c24]
C  [ntdll.dll+0x6cea1]


---------------  P R O C E S S  ---------------

Threads class SMR info:
_java_thread_list=0x000001ce56529a70, length=16, elements={
0x000001ce10929800, 0x000001ce517e1800, 0x000001ce517eb800, 0x000001ce5184c800,
0x000001ce5184d000, 0x000001ce5184e800, 0x000001ce517fb000, 0x000001ce51804000,
0x000001ce519c2000, 0x000001ce5240c800, 0x000001ce5240f800, 0x000001ce52410000,
0x000001ce5275d000, 0x000001ce528b7800, 0x000001ce53431000, 0x000001ce5787c000
}

Java Threads: ( => current thread )
  0x000001ce10929800 JavaThread "main" [_thread_blocked, id=13872, stack(0x0000002aaed00000,0x0000002aaee00000)]
  0x000001ce517e1800 JavaThread "Reference Handler" daemon [_thread_blocked, id=22636, stack(0x0000002aaf400000,0x0000002aaf500000)]
  0x000001ce517eb800 JavaThread "Finalizer" daemon [_thread_blocked, id=27972, stack(0x0000002aaf500000,0x0000002aaf600000)]
  0x000001ce5184c800 JavaThread "Signal Dispatcher" daemon [_thread_blocked, id=29204, stack(0x0000002aaf600000,0x0000002aaf700000)]
  0x000001ce5184d000 JavaThread "Attach Listener" daemon [_thread_blocked, id=20896, stack(0x0000002aaf700000,0x0000002aaf800000)]
=>0x000001ce5184e800 JavaThread "C2 CompilerThread0" daemon [_thread_in_native, id=21660, stack(0x0000002aaf800000,0x0000002aaf900000)]
  0x000001ce517fb000 JavaThread "C1 CompilerThread0" daemon [_thread_blocked, id=19280, stack(0x0000002aaf900000,0x0000002aafa00000)]
  0x000001ce51804000 JavaThread "Sweeper thread" daemon [_thread_blocked, id=8468, stack(0x0000002aafa00000,0x0000002aafb00000)]
  0x000001ce519c2000 JavaThread "Common-Cleaner" daemon [_thread_blocked, id=10920, stack(0x0000002aafb00000,0x0000002aafc00000)]
  0x000001ce5240c800 JavaThread "JDWP Transport Listener: dt_socket" daemon [_thread_blocked, id=16676, stack(0x0000002aafc00000,0x0000002aafd00000)]
  0x000001ce5240f800 JavaThread "JDWP Event Helper Thread" daemon [_thread_blocked, id=20336, stack(0x0000002aafd00000,0x0000002aafe00000)]
  0x000001ce52410000 JavaThread "JDWP Command Reader" daemon [_thread_in_native, id=4528, stack(0x0000002aafe00000,0x0000002aaff00000)]
  0x000001ce5275d000 JavaThread "C2 CompilerThread1" daemon [_thread_in_native, id=14420, stack(0x0000002aaff00000,0x0000002ab0000000)]
  0x000001ce528b7800 JavaThread "Service Thread" daemon [_thread_blocked, id=14708, stack(0x0000002ab0000000,0x0000002ab0100000)]
  0x000001ce53431000 JavaThread "C2 CompilerThread2" daemon [_thread_in_native, id=23044, stack(0x0000002ab0200000,0x0000002ab0300000)]
  0x000001ce5787c000 JavaThread "Thread-0" [_thread_in_vm, id=25840, stack(0x0000002ab0e00000,0x0000002ab0f00000)]

Other Threads:
  0x000001ce517ba000 VMThread "VM Thread" [stack: 0x0000002aaf300000,0x0000002aaf400000] [id=18892]
  0x000001ce51a4e800 WatcherThread [stack: 0x0000002ab0100000,0x0000002ab0200000] [id=28352]
  0x000001ce10940800 GCTaskThread "GC Thread#0" [stack: 0x0000002aaee00000,0x0000002aaef00000] [id=4364]
  0x000001ce53430000 GCTaskThread "GC Thread#1" [stack: 0x0000002ab0300000,0x0000002ab0400000] [id=23564]
  0x000001ce5334a000 GCTaskThread "GC Thread#2" [stack: 0x0000002ab0400000,0x0000002ab0500000] [id=12404]
  0x000001ce532d6800 GCTaskThread "GC Thread#3" [stack: 0x0000002ab0500000,0x0000002ab0600000] [id=15976]
  0x000001ce534c6000 GCTaskThread "GC Thread#4" [stack: 0x0000002ab0600000,0x0000002ab0700000] [id=17940]
  0x000001ce534c7000 GCTaskThread "GC Thread#5" [stack: 0x0000002ab0700000,0x0000002ab0800000] [id=11892]
  0x000001ce53669800 GCTaskThread "GC Thread#6" [stack: 0x0000002ab0800000,0x0000002ab0900000] [id=17924]
  0x000001ce5345a800 GCTaskThread "GC Thread#7" [stack: 0x0000002ab0900000,0x0000002ab0a00000] [id=29184]
  0x000001ce5366a800 GCTaskThread "GC Thread#8" [stack: 0x0000002ab0a00000,0x0000002ab0b00000] [id=24976]
  0x000001ce53336000 GCTaskThread "GC Thread#9" [stack: 0x0000002ab0b00000,0x0000002ab0c00000] [id=13476]
  0x000001ce4e9c0800 ConcurrentGCThread "G1 Main Marker" [stack: 0x0000002aaef00000,0x0000002aaf000000] [id=22216]
  0x000001ce4e9c1800 ConcurrentGCThread "G1 Conc#0" [stack: 0x0000002aaf000000,0x0000002aaf100000] [id=26812]
  0x000001ce5788f000 ConcurrentGCThread "G1 Conc#1" [stack: 0x0000002ab0c00000,0x0000002ab0d00000] [id=29072]
  0x000001ce563a6800 ConcurrentGCThread "G1 Conc#2" [stack: 0x0000002ab0d00000,0x0000002ab0e00000] [id=13052]
  0x000001ce4eb84000 ConcurrentGCThread "G1 Refine#0" [stack: 0x0000002aaf100000,0x0000002aaf200000] [id=24148]
  0x000001ce4eb85000 ConcurrentGCThread "G1 Young RemSet Sampling" [stack: 0x0000002aaf200000,0x0000002aaf300000] [id=6772]

Threads with active compile tasks:
C2 CompilerThread01595       4       org.eclipse.jdt.launching.internal.org.objectweb.asm.SymbolTable::<init> (536 bytes)
C2 CompilerThread11540       4       org.eclipse.jdt.launching.internal.org.objectweb.asm.MethodWriter::putMethodInfo (1274 bytes)
C2 CompilerThread21435       4       org.eclipse.jdt.launching.internal.org.objectweb.asm.ClassReader::readMethod (1061 bytes)

VM state:not at safepoint (normal execution)

VM Mutex/Monitor currently owned by a thread: None

Heap address: 0x0000000401000000, size: 16368 MB, Compressed Oops mode: Zero based, Oop shift amount: 3
Narrow klass base: 0x0000000800000000, Narrow klass shift: 0
Compressed class space size: 1073741824 Address: 0x0000000800000000

Heap:
 garbage-first heap   total 1048576K, used 20484K [0x0000000401000000, 0x0000000800000000)
  region size 4096K, 5 young (20480K), 1 survivors (4096K)
 Metaspace       used 21126K, capacity 21494K, committed 21680K, reserved 1069056K
  class space    used 2090K, capacity 2212K, committed 2304K, reserved 1048576K
Heap Regions: E=young(eden), S=young(survivor), O=old, HS=humongous(starts), HC=humongous(continues), CS=collection set, F=free, A=archive, TAMS=top-at-mark-start (previous, next)
|   0|0x0000000401000000, 0x0000000401400000, 0x0000000401400000|100%| O|  |TAMS 0x0000000401400000, 0x0000000401000000| Untracked 
|   1|0x0000000401400000, 0x0000000401707600, 0x0000000401800000| 75%| O|  |TAMS 0x0000000401707600, 0x0000000401400000| Untracked 
|   2|0x0000000401800000, 0x0000000401800000, 0x0000000401c00000|  0%| F|  |TAMS 0x0000000401800000, 0x0000000401800000| Untracked 
|   3|0x0000000401c00000, 0x0000000401c00000, 0x0000000402000000|  0%| F|  |TAMS 0x0000000401c00000, 0x0000000401c00000| Untracked 
|   4|0x0000000402000000, 0x0000000402000000, 0x0000000402400000|  0%| F|  |TAMS 0x0000000402000000, 0x0000000402000000| Untracked 
|   5|0x0000000402400000, 0x0000000402400000, 0x0000000402800000|  0%| F|  |TAMS 0x0000000402400000, 0x0000000402400000| Untracked 
|   6|0x0000000402800000, 0x0000000402800000, 0x0000000402c00000|  0%| F|  |TAMS 0x0000000402800000, 0x0000000402800000| Untracked 
|   7|0x0000000402c00000, 0x0000000402c00000, 0x0000000403000000|  0%| F|  |TAMS 0x0000000402c00000, 0x0000000402c00000| Untracked 
|   8|0x0000000403000000, 0x0000000403000000, 0x0000000403400000|  0%| F|  |TAMS 0x0000000403000000, 0x0000000403000000| Untracked 
|   9|0x0000000403400000, 0x0000000403400000, 0x0000000403800000|  0%| F|  |TAMS 0x0000000403400000, 0x0000000403400000| Untracked 
|  10|0x0000000403800000, 0x0000000403800000, 0x0000000403c00000|  0%| F|  |TAMS 0x0000000403800000, 0x0000000403800000| Untracked 
|  11|0x0000000403c00000, 0x0000000403c00000, 0x0000000404000000|  0%| F|  |TAMS 0x0000000403c00000, 0x0000000403c00000| Untracked 
|  12|0x0000000404000000, 0x0000000404000000, 0x0000000404400000|  0%| F|  |TAMS 0x0000000404000000, 0x0000000404000000| Untracked 
|  13|0x0000000404400000, 0x0000000404400000, 0x0000000404800000|  0%| F|  |TAMS 0x0000000404400000, 0x0000000404400000| Untracked 
|  14|0x0000000404800000, 0x0000000404800000, 0x0000000404c00000|  0%| F|  |TAMS 0x0000000404800000, 0x0000000404800000| Untracked 
|  15|0x0000000404c00000, 0x0000000404c00000, 0x0000000405000000|  0%| F|  |TAMS 0x0000000404c00000, 0x0000000404c00000| Untracked 
|  16|0x0000000405000000, 0x0000000405000000, 0x0000000405400000|  0%| F|  |TAMS 0x0000000405000000, 0x0000000405000000| Untracked 
|  17|0x0000000405400000, 0x0000000405400000, 0x0000000405800000|  0%| F|  |TAMS 0x0000000405400000, 0x0000000405400000| Untracked 
|  18|0x0000000405800000, 0x0000000405800000, 0x0000000405c00000|  0%| F|  |TAMS 0x0000000405800000, 0x0000000405800000| Untracked 
|  19|0x0000000405c00000, 0x0000000405c00000, 0x0000000406000000|  0%| F|  |TAMS 0x0000000405c00000, 0x0000000405c00000| Untracked 
|  20|0x0000000406000000, 0x0000000406000000, 0x0000000406400000|  0%| F|  |TAMS 0x0000000406000000, 0x0000000406000000| Untracked 
|  21|0x0000000406400000, 0x0000000406400000, 0x0000000406800000|  0%| F|  |TAMS 0x0000000406400000, 0x0000000406400000| Untracked 
|  22|0x0000000406800000, 0x0000000406800000, 0x0000000406c00000|  0%| F|  |TAMS 0x0000000406800000, 0x0000000406800000| Untracked 
|  23|0x0000000406c00000, 0x0000000406c00000, 0x0000000407000000|  0%| F|  |TAMS 0x0000000406c00000, 0x0000000406c00000| Untracked 
|  24|0x0000000407000000, 0x0000000407000000, 0x0000000407400000|  0%| F|  |TAMS 0x0000000407000000, 0x0000000407000000| Untracked 
|  25|0x0000000407400000, 0x0000000407400000, 0x0000000407800000|  0%| F|  |TAMS 0x0000000407400000, 0x0000000407400000| Untracked 
|  26|0x0000000407800000, 0x0000000407800000, 0x0000000407c00000|  0%| F|  |TAMS 0x0000000407800000, 0x0000000407800000| Untracked 
|  27|0x0000000407c00000, 0x0000000407c00000, 0x0000000408000000|  0%| F|  |TAMS 0x0000000407c00000, 0x0000000407c00000| Untracked 
|  28|0x0000000408000000, 0x0000000408000000, 0x0000000408400000|  0%| F|  |TAMS 0x0000000408000000, 0x0000000408000000| Untracked 
|  29|0x0000000408400000, 0x0000000408400000, 0x0000000408800000|  0%| F|  |TAMS 0x0000000408400000, 0x0000000408400000| Untracked 
|  30|0x0000000408800000, 0x0000000408800000, 0x0000000408c00000|  0%| F|  |TAMS 0x0000000408800000, 0x0000000408800000| Untracked 
|  31|0x0000000408c00000, 0x0000000408c00000, 0x0000000409000000|  0%| F|  |TAMS 0x0000000408c00000, 0x0000000408c00000| Untracked 
|  32|0x0000000409000000, 0x0000000409000000, 0x0000000409400000|  0%| F|  |TAMS 0x0000000409000000, 0x0000000409000000| Untracked 
|  33|0x0000000409400000, 0x0000000409400000, 0x0000000409800000|  0%| F|  |TAMS 0x0000000409400000, 0x0000000409400000| Untracked 
|  34|0x0000000409800000, 0x0000000409800000, 0x0000000409c00000|  0%| F|  |TAMS 0x0000000409800000, 0x0000000409800000| Untracked 
|  35|0x0000000409c00000, 0x0000000409c00000, 0x000000040a000000|  0%| F|  |TAMS 0x0000000409c00000, 0x0000000409c00000| Untracked 
|  36|0x000000040a000000, 0x000000040a000000, 0x000000040a400000|  0%| F|  |TAMS 0x000000040a000000, 0x000000040a000000| Untracked 
|  37|0x000000040a400000, 0x000000040a400000, 0x000000040a800000|  0%| F|  |TAMS 0x000000040a400000, 0x000000040a400000| Untracked 
|  38|0x000000040a800000, 0x000000040a800000, 0x000000040ac00000|  0%| F|  |TAMS 0x000000040a800000, 0x000000040a800000| Untracked 
|  39|0x000000040ac00000, 0x000000040ac00000, 0x000000040b000000|  0%| F|  |TAMS 0x000000040ac00000, 0x000000040ac00000| Untracked 
|  40|0x000000040b000000, 0x000000040b000000, 0x000000040b400000|  0%| F|  |TAMS 0x000000040b000000, 0x000000040b000000| Untracked 
|  41|0x000000040b400000, 0x000000040b400000, 0x000000040b800000|  0%| F|  |TAMS 0x000000040b400000, 0x000000040b400000| Untracked 
|  42|0x000000040b800000, 0x000000040b800000, 0x000000040bc00000|  0%| F|  |TAMS 0x000000040b800000, 0x000000040b800000| Untracked 
|  43|0x000000040bc00000, 0x000000040bc00000, 0x000000040c000000|  0%| F|  |TAMS 0x000000040bc00000, 0x000000040bc00000| Untracked 
|  44|0x000000040c000000, 0x000000040c000000, 0x000000040c400000|  0%| F|  |TAMS 0x000000040c000000, 0x000000040c000000| Untracked 
|  45|0x000000040c400000, 0x000000040c400000, 0x000000040c800000|  0%| F|  |TAMS 0x000000040c400000, 0x000000040c400000| Untracked 
|  46|0x000000040c800000, 0x000000040c800000, 0x000000040cc00000|  0%| F|  |TAMS 0x000000040c800000, 0x000000040c800000| Untracked 
|  47|0x000000040cc00000, 0x000000040cc00000, 0x000000040d000000|  0%| F|  |TAMS 0x000000040cc00000, 0x000000040cc00000| Untracked 
|  48|0x000000040d000000, 0x000000040d000000, 0x000000040d400000|  0%| F|  |TAMS 0x000000040d000000, 0x000000040d000000| Untracked 
|  49|0x000000040d400000, 0x000000040d400000, 0x000000040d800000|  0%| F|  |TAMS 0x000000040d400000, 0x000000040d400000| Untracked 
|  50|0x000000040d800000, 0x000000040d800000, 0x000000040dc00000|  0%| F|  |TAMS 0x000000040d800000, 0x000000040d800000| Untracked 
|  51|0x000000040dc00000, 0x000000040dc00000, 0x000000040e000000|  0%| F|  |TAMS 0x000000040dc00000, 0x000000040dc00000| Untracked 
|  52|0x000000040e000000, 0x000000040e000000, 0x000000040e400000|  0%| F|  |TAMS 0x000000040e000000, 0x000000040e000000| Untracked 
|  53|0x000000040e400000, 0x000000040e400000, 0x000000040e800000|  0%| F|  |TAMS 0x000000040e400000, 0x000000040e400000| Untracked 
|  54|0x000000040e800000, 0x000000040e800000, 0x000000040ec00000|  0%| F|  |TAMS 0x000000040e800000, 0x000000040e800000| Untracked 
|  55|0x000000040ec00000, 0x000000040ec00000, 0x000000040f000000|  0%| F|  |TAMS 0x000000040ec00000, 0x000000040ec00000| Untracked 
|  56|0x000000040f000000, 0x000000040f000000, 0x000000040f400000|  0%| F|  |TAMS 0x000000040f000000, 0x000000040f000000| Untracked 
|  57|0x000000040f400000, 0x000000040f400000, 0x000000040f800000|  0%| F|  |TAMS 0x000000040f400000, 0x000000040f400000| Untracked 
|  58|0x000000040f800000, 0x000000040f800000, 0x000000040fc00000|  0%| F|  |TAMS 0x000000040f800000, 0x000000040f800000| Untracked 
|  59|0x000000040fc00000, 0x000000040fc00000, 0x0000000410000000|  0%| F|  |TAMS 0x000000040fc00000, 0x000000040fc00000| Untracked 
|  60|0x0000000410000000, 0x0000000410000000, 0x0000000410400000|  0%| F|  |TAMS 0x0000000410000000, 0x0000000410000000| Untracked 
|  61|0x0000000410400000, 0x0000000410400000, 0x0000000410800000|  0%| F|  |TAMS 0x0000000410400000, 0x0000000410400000| Untracked 
|  62|0x0000000410800000, 0x0000000410800000, 0x0000000410c00000|  0%| F|  |TAMS 0x0000000410800000, 0x0000000410800000| Untracked 
|  63|0x0000000410c00000, 0x0000000410c00000, 0x0000000411000000|  0%| F|  |TAMS 0x0000000410c00000, 0x0000000410c00000| Untracked 
|  64|0x0000000411000000, 0x0000000411000000, 0x0000000411400000|  0%| F|  |TAMS 0x0000000411000000, 0x0000000411000000| Untracked 
|  65|0x0000000411400000, 0x0000000411400000, 0x0000000411800000|  0%| F|  |TAMS 0x0000000411400000, 0x0000000411400000| Untracked 
|  66|0x0000000411800000, 0x0000000411800000, 0x0000000411c00000|  0%| F|  |TAMS 0x0000000411800000, 0x0000000411800000| Untracked 
|  67|0x0000000411c00000, 0x0000000411c00000, 0x0000000412000000|  0%| F|  |TAMS 0x0000000411c00000, 0x0000000411c00000| Untracked 
|  68|0x0000000412000000, 0x0000000412000000, 0x0000000412400000|  0%| F|  |TAMS 0x0000000412000000, 0x0000000412000000| Untracked 
|  69|0x0000000412400000, 0x0000000412400000, 0x0000000412800000|  0%| F|  |TAMS 0x0000000412400000, 0x0000000412400000| Untracked 
|  70|0x0000000412800000, 0x0000000412800000, 0x0000000412c00000|  0%| F|  |TAMS 0x0000000412800000, 0x0000000412800000| Untracked 
|  71|0x0000000412c00000, 0x0000000412c00000, 0x0000000413000000|  0%| F|  |TAMS 0x0000000412c00000, 0x0000000412c00000| Untracked 
|  72|0x0000000413000000, 0x0000000413000000, 0x0000000413400000|  0%| F|  |TAMS 0x0000000413000000, 0x0000000413000000| Untracked 
|  73|0x0000000413400000, 0x0000000413400000, 0x0000000413800000|  0%| F|  |TAMS 0x0000000413400000, 0x0000000413400000| Untracked 
|  74|0x0000000413800000, 0x0000000413800000, 0x0000000413c00000|  0%| F|  |TAMS 0x0000000413800000, 0x0000000413800000| Untracked 
|  75|0x0000000413c00000, 0x0000000413c00000, 0x0000000414000000|  0%| F|  |TAMS 0x0000000413c00000, 0x0000000413c00000| Untracked 
|  76|0x0000000414000000, 0x0000000414000000, 0x0000000414400000|  0%| F|  |TAMS 0x0000000414000000, 0x0000000414000000| Untracked 
|  77|0x0000000414400000, 0x0000000414400000, 0x0000000414800000|  0%| F|  |TAMS 0x0000000414400000, 0x0000000414400000| Untracked 
|  78|0x0000000414800000, 0x0000000414800000, 0x0000000414c00000|  0%| F|  |TAMS 0x0000000414800000, 0x0000000414800000| Untracked 
|  79|0x0000000414c00000, 0x0000000414c00000, 0x0000000415000000|  0%| F|  |TAMS 0x0000000414c00000, 0x0000000414c00000| Untracked 
|  80|0x0000000415000000, 0x0000000415000000, 0x0000000415400000|  0%| F|  |TAMS 0x0000000415000000, 0x0000000415000000| Untracked 
|  81|0x0000000415400000, 0x0000000415400000, 0x0000000415800000|  0%| F|  |TAMS 0x0000000415400000, 0x0000000415400000| Untracked 
|  82|0x0000000415800000, 0x0000000415800000, 0x0000000415c00000|  0%| F|  |TAMS 0x0000000415800000, 0x0000000415800000| Untracked 
|  83|0x0000000415c00000, 0x0000000415c00000, 0x0000000416000000|  0%| F|  |TAMS 0x0000000415c00000, 0x0000000415c00000| Untracked 
|  84|0x0000000416000000, 0x0000000416000000, 0x0000000416400000|  0%| F|  |TAMS 0x0000000416000000, 0x0000000416000000| Untracked 
|  85|0x0000000416400000, 0x0000000416400000, 0x0000000416800000|  0%| F|  |TAMS 0x0000000416400000, 0x0000000416400000| Untracked 
|  86|0x0000000416800000, 0x0000000416800000, 0x0000000416c00000|  0%| F|  |TAMS 0x0000000416800000, 0x0000000416800000| Untracked 
|  87|0x0000000416c00000, 0x0000000416c00000, 0x0000000417000000|  0%| F|  |TAMS 0x0000000416c00000, 0x0000000416c00000| Untracked 
|  88|0x0000000417000000, 0x0000000417000000, 0x0000000417400000|  0%| F|  |TAMS 0x0000000417000000, 0x0000000417000000| Untracked 
|  89|0x0000000417400000, 0x0000000417400000, 0x0000000417800000|  0%| F|  |TAMS 0x0000000417400000, 0x0000000417400000| Untracked 
|  90|0x0000000417800000, 0x0000000417800000, 0x0000000417c00000|  0%| F|  |TAMS 0x0000000417800000, 0x0000000417800000| Untracked 
|  91|0x0000000417c00000, 0x0000000417c00000, 0x0000000418000000|  0%| F|  |TAMS 0x0000000417c00000, 0x0000000417c00000| Untracked 
|  92|0x0000000418000000, 0x0000000418000000, 0x0000000418400000|  0%| F|  |TAMS 0x0000000418000000, 0x0000000418000000| Untracked 
|  93|0x0000000418400000, 0x0000000418400000, 0x0000000418800000|  0%| F|  |TAMS 0x0000000418400000, 0x0000000418400000| Untracked 
|  94|0x0000000418800000, 0x0000000418800000, 0x0000000418c00000|  0%| F|  |TAMS 0x0000000418800000, 0x0000000418800000| Untracked 
|  95|0x0000000418c00000, 0x0000000418c00000, 0x0000000419000000|  0%| F|  |TAMS 0x0000000418c00000, 0x0000000418c00000| Untracked 
|  96|0x0000000419000000, 0x0000000419000000, 0x0000000419400000|  0%| F|  |TAMS 0x0000000419000000, 0x0000000419000000| Untracked 
|  97|0x0000000419400000, 0x0000000419400000, 0x0000000419800000|  0%| F|  |TAMS 0x0000000419400000, 0x0000000419400000| Untracked 
|  98|0x0000000419800000, 0x0000000419800000, 0x0000000419c00000|  0%| F|  |TAMS 0x0000000419800000, 0x0000000419800000| Untracked 
|  99|0x0000000419c00000, 0x0000000419c00000, 0x000000041a000000|  0%| F|  |TAMS 0x0000000419c00000, 0x0000000419c00000| Untracked 
| 100|0x000000041a000000, 0x000000041a000000, 0x000000041a400000|  0%| F|  |TAMS 0x000000041a000000, 0x000000041a000000| Untracked 
| 101|0x000000041a400000, 0x000000041a400000, 0x000000041a800000|  0%| F|  |TAMS 0x000000041a400000, 0x000000041a400000| Untracked 
| 102|0x000000041a800000, 0x000000041a800000, 0x000000041ac00000|  0%| F|  |TAMS 0x000000041a800000, 0x000000041a800000| Untracked 
| 103|0x000000041ac00000, 0x000000041ac00000, 0x000000041b000000|  0%| F|  |TAMS 0x000000041ac00000, 0x000000041ac00000| Untracked 
| 104|0x000000041b000000, 0x000000041b000000, 0x000000041b400000|  0%| F|  |TAMS 0x000000041b000000, 0x000000041b000000| Untracked 
| 105|0x000000041b400000, 0x000000041b400000, 0x000000041b800000|  0%| F|  |TAMS 0x000000041b400000, 0x000000041b400000| Untracked 
| 106|0x000000041b800000, 0x000000041b800000, 0x000000041bc00000|  0%| F|  |TAMS 0x000000041b800000, 0x000000041b800000| Untracked 
| 107|0x000000041bc00000, 0x000000041bc00000, 0x000000041c000000|  0%| F|  |TAMS 0x000000041bc00000, 0x000000041bc00000| Untracked 
| 108|0x000000041c000000, 0x000000041c000000, 0x000000041c400000|  0%| F|  |TAMS 0x000000041c000000, 0x000000041c000000| Untracked 
| 109|0x000000041c400000, 0x000000041c400000, 0x000000041c800000|  0%| F|  |TAMS 0x000000041c400000, 0x000000041c400000| Untracked 
| 110|0x000000041c800000, 0x000000041c800000, 0x000000041cc00000|  0%| F|  |TAMS 0x000000041c800000, 0x000000041c800000| Untracked 
| 111|0x000000041cc00000, 0x000000041cc00000, 0x000000041d000000|  0%| F|  |TAMS 0x000000041cc00000, 0x000000041cc00000| Untracked 
| 112|0x000000041d000000, 0x000000041d000000, 0x000000041d400000|  0%| F|  |TAMS 0x000000041d000000, 0x000000041d000000| Untracked 
| 113|0x000000041d400000, 0x000000041d400000, 0x000000041d800000|  0%| F|  |TAMS 0x000000041d400000, 0x000000041d400000| Untracked 
| 114|0x000000041d800000, 0x000000041d800000, 0x000000041dc00000|  0%| F|  |TAMS 0x000000041d800000, 0x000000041d800000| Untracked 
| 115|0x000000041dc00000, 0x000000041dc00000, 0x000000041e000000|  0%| F|  |TAMS 0x000000041dc00000, 0x000000041dc00000| Untracked 
| 116|0x000000041e000000, 0x000000041e000000, 0x000000041e400000|  0%| F|  |TAMS 0x000000041e000000, 0x000000041e000000| Untracked 
| 117|0x000000041e400000, 0x000000041e400000, 0x000000041e800000|  0%| F|  |TAMS 0x000000041e400000, 0x000000041e400000| Untracked 
| 118|0x000000041e800000, 0x000000041e800000, 0x000000041ec00000|  0%| F|  |TAMS 0x000000041e800000, 0x000000041e800000| Untracked 
| 119|0x000000041ec00000, 0x000000041ec00000, 0x000000041f000000|  0%| F|  |TAMS 0x000000041ec00000, 0x000000041ec00000| Untracked 
| 120|0x000000041f000000, 0x000000041f000000, 0x000000041f400000|  0%| F|  |TAMS 0x000000041f000000, 0x000000041f000000| Untracked 
| 121|0x000000041f400000, 0x000000041f400000, 0x000000041f800000|  0%| F|  |TAMS 0x000000041f400000, 0x000000041f400000| Untracked 
| 122|0x000000041f800000, 0x000000041f800000, 0x000000041fc00000|  0%| F|  |TAMS 0x000000041f800000, 0x000000041f800000| Untracked 
| 123|0x000000041fc00000, 0x000000041fc00000, 0x0000000420000000|  0%| F|  |TAMS 0x000000041fc00000, 0x000000041fc00000| Untracked 
| 124|0x0000000420000000, 0x0000000420000000, 0x0000000420400000|  0%| F|  |TAMS 0x0000000420000000, 0x0000000420000000| Untracked 
| 125|0x0000000420400000, 0x0000000420400000, 0x0000000420800000|  0%| F|  |TAMS 0x0000000420400000, 0x0000000420400000| Untracked 
| 126|0x0000000420800000, 0x0000000420800000, 0x0000000420c00000|  0%| F|  |TAMS 0x0000000420800000, 0x0000000420800000| Untracked 
| 127|0x0000000420c00000, 0x0000000420c00000, 0x0000000421000000|  0%| F|  |TAMS 0x0000000420c00000, 0x0000000420c00000| Untracked 
| 128|0x0000000421000000, 0x0000000421000000, 0x0000000421400000|  0%| F|  |TAMS 0x0000000421000000, 0x0000000421000000| Untracked 
| 129|0x0000000421400000, 0x0000000421400000, 0x0000000421800000|  0%| F|  |TAMS 0x0000000421400000, 0x0000000421400000| Untracked 
| 130|0x0000000421800000, 0x0000000421800000, 0x0000000421c00000|  0%| F|  |TAMS 0x0000000421800000, 0x0000000421800000| Untracked 
| 131|0x0000000421c00000, 0x0000000421c00000, 0x0000000422000000|  0%| F|  |TAMS 0x0000000421c00000, 0x0000000421c00000| Untracked 
| 132|0x0000000422000000, 0x0000000422000000, 0x0000000422400000|  0%| F|  |TAMS 0x0000000422000000, 0x0000000422000000| Untracked 
| 133|0x0000000422400000, 0x0000000422400000, 0x0000000422800000|  0%| F|  |TAMS 0x0000000422400000, 0x0000000422400000| Untracked 
| 134|0x0000000422800000, 0x0000000422800000, 0x0000000422c00000|  0%| F|  |TAMS 0x0000000422800000, 0x0000000422800000| Untracked 
| 135|0x0000000422c00000, 0x0000000422c00000, 0x0000000423000000|  0%| F|  |TAMS 0x0000000422c00000, 0x0000000422c00000| Untracked 
| 136|0x0000000423000000, 0x0000000423000000, 0x0000000423400000|  0%| F|  |TAMS 0x0000000423000000, 0x0000000423000000| Untracked 
| 137|0x0000000423400000, 0x0000000423400000, 0x0000000423800000|  0%| F|  |TAMS 0x0000000423400000, 0x0000000423400000| Untracked 
| 138|0x0000000423800000, 0x0000000423800000, 0x0000000423c00000|  0%| F|  |TAMS 0x0000000423800000, 0x0000000423800000| Untracked 
| 139|0x0000000423c00000, 0x0000000423c00000, 0x0000000424000000|  0%| F|  |TAMS 0x0000000423c00000, 0x0000000423c00000| Untracked 
| 140|0x0000000424000000, 0x0000000424000000, 0x0000000424400000|  0%| F|  |TAMS 0x0000000424000000, 0x0000000424000000| Untracked 
| 141|0x0000000424400000, 0x0000000424400000, 0x0000000424800000|  0%| F|  |TAMS 0x0000000424400000, 0x0000000424400000| Untracked 
| 142|0x0000000424800000, 0x0000000424800000, 0x0000000424c00000|  0%| F|  |TAMS 0x0000000424800000, 0x0000000424800000| Untracked 
| 143|0x0000000424c00000, 0x0000000424c00000, 0x0000000425000000|  0%| F|  |TAMS 0x0000000424c00000, 0x0000000424c00000| Untracked 
| 144|0x0000000425000000, 0x0000000425000000, 0x0000000425400000|  0%| F|  |TAMS 0x0000000425000000, 0x0000000425000000| Untracked 
| 145|0x0000000425400000, 0x0000000425400000, 0x0000000425800000|  0%| F|  |TAMS 0x0000000425400000, 0x0000000425400000| Untracked 
| 146|0x0000000425800000, 0x0000000425800000, 0x0000000425c00000|  0%| F|  |TAMS 0x0000000425800000, 0x0000000425800000| Untracked 
| 147|0x0000000425c00000, 0x0000000425c00000, 0x0000000426000000|  0%| F|  |TAMS 0x0000000425c00000, 0x0000000425c00000| Untracked 
| 148|0x0000000426000000, 0x0000000426000000, 0x0000000426400000|  0%| F|  |TAMS 0x0000000426000000, 0x0000000426000000| Untracked 
| 149|0x0000000426400000, 0x0000000426400000, 0x0000000426800000|  0%| F|  |TAMS 0x0000000426400000, 0x0000000426400000| Untracked 
| 150|0x0000000426800000, 0x0000000426800000, 0x0000000426c00000|  0%| F|  |TAMS 0x0000000426800000, 0x0000000426800000| Untracked 
| 151|0x0000000426c00000, 0x0000000426c00000, 0x0000000427000000|  0%| F|  |TAMS 0x0000000426c00000, 0x0000000426c00000| Untracked 
| 152|0x0000000427000000, 0x0000000427000000, 0x0000000427400000|  0%| F|  |TAMS 0x0000000427000000, 0x0000000427000000| Untracked 
| 153|0x0000000427400000, 0x0000000427400000, 0x0000000427800000|  0%| F|  |TAMS 0x0000000427400000, 0x0000000427400000| Untracked 
| 154|0x0000000427800000, 0x0000000427800000, 0x0000000427c00000|  0%| F|  |TAMS 0x0000000427800000, 0x0000000427800000| Untracked 
| 155|0x0000000427c00000, 0x0000000427c00000, 0x0000000428000000|  0%| F|  |TAMS 0x0000000427c00000, 0x0000000427c00000| Untracked 
| 156|0x0000000428000000, 0x0000000428000000, 0x0000000428400000|  0%| F|  |TAMS 0x0000000428000000, 0x0000000428000000| Untracked 
| 157|0x0000000428400000, 0x0000000428400000, 0x0000000428800000|  0%| F|  |TAMS 0x0000000428400000, 0x0000000428400000| Untracked 
| 158|0x0000000428800000, 0x0000000428800000, 0x0000000428c00000|  0%| F|  |TAMS 0x0000000428800000, 0x0000000428800000| Untracked 
| 159|0x0000000428c00000, 0x0000000428c00000, 0x0000000429000000|  0%| F|  |TAMS 0x0000000428c00000, 0x0000000428c00000| Untracked 
| 160|0x0000000429000000, 0x0000000429000000, 0x0000000429400000|  0%| F|  |TAMS 0x0000000429000000, 0x0000000429000000| Untracked 
| 161|0x0000000429400000, 0x0000000429400000, 0x0000000429800000|  0%| F|  |TAMS 0x0000000429400000, 0x0000000429400000| Untracked 
| 162|0x0000000429800000, 0x0000000429800000, 0x0000000429c00000|  0%| F|  |TAMS 0x0000000429800000, 0x0000000429800000| Untracked 
| 163|0x0000000429c00000, 0x0000000429c00000, 0x000000042a000000|  0%| F|  |TAMS 0x0000000429c00000, 0x0000000429c00000| Untracked 
| 164|0x000000042a000000, 0x000000042a000000, 0x000000042a400000|  0%| F|  |TAMS 0x000000042a000000, 0x000000042a000000| Untracked 
| 165|0x000000042a400000, 0x000000042a400000, 0x000000042a800000|  0%| F|  |TAMS 0x000000042a400000, 0x000000042a400000| Untracked 
| 166|0x000000042a800000, 0x000000042a800000, 0x000000042ac00000|  0%| F|  |TAMS 0x000000042a800000, 0x000000042a800000| Untracked 
| 167|0x000000042ac00000, 0x000000042ac00000, 0x000000042b000000|  0%| F|  |TAMS 0x000000042ac00000, 0x000000042ac00000| Untracked 
| 168|0x000000042b000000, 0x000000042b000000, 0x000000042b400000|  0%| F|  |TAMS 0x000000042b000000, 0x000000042b000000| Untracked 
| 169|0x000000042b400000, 0x000000042b400000, 0x000000042b800000|  0%| F|  |TAMS 0x000000042b400000, 0x000000042b400000| Untracked 
| 170|0x000000042b800000, 0x000000042b800000, 0x000000042bc00000|  0%| F|  |TAMS 0x000000042b800000, 0x000000042b800000| Untracked 
| 171|0x000000042bc00000, 0x000000042bc00000, 0x000000042c000000|  0%| F|  |TAMS 0x000000042bc00000, 0x000000042bc00000| Untracked 
| 172|0x000000042c000000, 0x000000042c000000, 0x000000042c400000|  0%| F|  |TAMS 0x000000042c000000, 0x000000042c000000| Untracked 
| 173|0x000000042c400000, 0x000000042c400000, 0x000000042c800000|  0%| F|  |TAMS 0x000000042c400000, 0x000000042c400000| Untracked 
| 174|0x000000042c800000, 0x000000042c800000, 0x000000042cc00000|  0%| F|  |TAMS 0x000000042c800000, 0x000000042c800000| Untracked 
| 175|0x000000042cc00000, 0x000000042cc00000, 0x000000042d000000|  0%| F|  |TAMS 0x000000042cc00000, 0x000000042cc00000| Untracked 
| 176|0x000000042d000000, 0x000000042d000000, 0x000000042d400000|  0%| F|  |TAMS 0x000000042d000000, 0x000000042d000000| Untracked 
| 177|0x000000042d400000, 0x000000042d400000, 0x000000042d800000|  0%| F|  |TAMS 0x000000042d400000, 0x000000042d400000| Untracked 
| 178|0x000000042d800000, 0x000000042d800000, 0x000000042dc00000|  0%| F|  |TAMS 0x000000042d800000, 0x000000042d800000| Untracked 
| 179|0x000000042dc00000, 0x000000042dc00000, 0x000000042e000000|  0%| F|  |TAMS 0x000000042dc00000, 0x000000042dc00000| Untracked 
| 180|0x000000042e000000, 0x000000042e000000, 0x000000042e400000|  0%| F|  |TAMS 0x000000042e000000, 0x000000042e000000| Untracked 
| 181|0x000000042e400000, 0x000000042e400000, 0x000000042e800000|  0%| F|  |TAMS 0x000000042e400000, 0x000000042e400000| Untracked 
| 182|0x000000042e800000, 0x000000042e800000, 0x000000042ec00000|  0%| F|  |TAMS 0x000000042e800000, 0x000000042e800000| Untracked 
| 183|0x000000042ec00000, 0x000000042ec00000, 0x000000042f000000|  0%| F|  |TAMS 0x000000042ec00000, 0x000000042ec00000| Untracked 
| 184|0x000000042f000000, 0x000000042f000000, 0x000000042f400000|  0%| F|  |TAMS 0x000000042f000000, 0x000000042f000000| Untracked 
| 185|0x000000042f400000, 0x000000042f400000, 0x000000042f800000|  0%| F|  |TAMS 0x000000042f400000, 0x000000042f400000| Untracked 
| 186|0x000000042f800000, 0x000000042f800000, 0x000000042fc00000|  0%| F|  |TAMS 0x000000042f800000, 0x000000042f800000| Untracked 
| 187|0x000000042fc00000, 0x000000042fc00000, 0x0000000430000000|  0%| F|  |TAMS 0x000000042fc00000, 0x000000042fc00000| Untracked 
| 188|0x0000000430000000, 0x0000000430000000, 0x0000000430400000|  0%| F|  |TAMS 0x0000000430000000, 0x0000000430000000| Untracked 
| 189|0x0000000430400000, 0x0000000430400000, 0x0000000430800000|  0%| F|  |TAMS 0x0000000430400000, 0x0000000430400000| Untracked 
| 190|0x0000000430800000, 0x0000000430800000, 0x0000000430c00000|  0%| F|  |TAMS 0x0000000430800000, 0x0000000430800000| Untracked 
| 191|0x0000000430c00000, 0x0000000430c00000, 0x0000000431000000|  0%| F|  |TAMS 0x0000000430c00000, 0x0000000430c00000| Untracked 
| 192|0x0000000431000000, 0x0000000431000000, 0x0000000431400000|  0%| F|  |TAMS 0x0000000431000000, 0x0000000431000000| Untracked 
| 193|0x0000000431400000, 0x0000000431400000, 0x0000000431800000|  0%| F|  |TAMS 0x0000000431400000, 0x0000000431400000| Untracked 
| 194|0x0000000431800000, 0x0000000431800000, 0x0000000431c00000|  0%| F|  |TAMS 0x0000000431800000, 0x0000000431800000| Untracked 
| 195|0x0000000431c00000, 0x0000000431c00000, 0x0000000432000000|  0%| F|  |TAMS 0x0000000431c00000, 0x0000000431c00000| Untracked 
| 196|0x0000000432000000, 0x0000000432000000, 0x0000000432400000|  0%| F|  |TAMS 0x0000000432000000, 0x0000000432000000| Untracked 
| 197|0x0000000432400000, 0x0000000432400000, 0x0000000432800000|  0%| F|  |TAMS 0x0000000432400000, 0x0000000432400000| Untracked 
| 198|0x0000000432800000, 0x0000000432800000, 0x0000000432c00000|  0%| F|  |TAMS 0x0000000432800000, 0x0000000432800000| Untracked 
| 199|0x0000000432c00000, 0x0000000432c00000, 0x0000000433000000|  0%| F|  |TAMS 0x0000000432c00000, 0x0000000432c00000| Untracked 
| 200|0x0000000433000000, 0x0000000433000000, 0x0000000433400000|  0%| F|  |TAMS 0x0000000433000000, 0x0000000433000000| Untracked 
| 201|0x0000000433400000, 0x0000000433400000, 0x0000000433800000|  0%| F|  |TAMS 0x0000000433400000, 0x0000000433400000| Untracked 
| 202|0x0000000433800000, 0x0000000433800000, 0x0000000433c00000|  0%| F|  |TAMS 0x0000000433800000, 0x0000000433800000| Untracked 
| 203|0x0000000433c00000, 0x0000000433c00000, 0x0000000434000000|  0%| F|  |TAMS 0x0000000433c00000, 0x0000000433c00000| Untracked 
| 204|0x0000000434000000, 0x0000000434000000, 0x0000000434400000|  0%| F|  |TAMS 0x0000000434000000, 0x0000000434000000| Untracked 
| 205|0x0000000434400000, 0x0000000434400000, 0x0000000434800000|  0%| F|  |TAMS 0x0000000434400000, 0x0000000434400000| Untracked 
| 206|0x0000000434800000, 0x0000000434800000, 0x0000000434c00000|  0%| F|  |TAMS 0x0000000434800000, 0x0000000434800000| Untracked 
| 207|0x0000000434c00000, 0x0000000434c00000, 0x0000000435000000|  0%| F|  |TAMS 0x0000000434c00000, 0x0000000434c00000| Untracked 
| 208|0x0000000435000000, 0x0000000435000000, 0x0000000435400000|  0%| F|  |TAMS 0x0000000435000000, 0x0000000435000000| Untracked 
| 209|0x0000000435400000, 0x0000000435400000, 0x0000000435800000|  0%| F|  |TAMS 0x0000000435400000, 0x0000000435400000| Untracked 
| 210|0x0000000435800000, 0x0000000435800000, 0x0000000435c00000|  0%| F|  |TAMS 0x0000000435800000, 0x0000000435800000| Untracked 
| 211|0x0000000435c00000, 0x0000000435c00000, 0x0000000436000000|  0%| F|  |TAMS 0x0000000435c00000, 0x0000000435c00000| Untracked 
| 212|0x0000000436000000, 0x0000000436000000, 0x0000000436400000|  0%| F|  |TAMS 0x0000000436000000, 0x0000000436000000| Untracked 
| 213|0x0000000436400000, 0x0000000436400000, 0x0000000436800000|  0%| F|  |TAMS 0x0000000436400000, 0x0000000436400000| Untracked 
| 214|0x0000000436800000, 0x0000000436800000, 0x0000000436c00000|  0%| F|  |TAMS 0x0000000436800000, 0x0000000436800000| Untracked 
| 215|0x0000000436c00000, 0x0000000436c00000, 0x0000000437000000|  0%| F|  |TAMS 0x0000000436c00000, 0x0000000436c00000| Untracked 
| 216|0x0000000437000000, 0x0000000437000000, 0x0000000437400000|  0%| F|  |TAMS 0x0000000437000000, 0x0000000437000000| Untracked 
| 217|0x0000000437400000, 0x0000000437400000, 0x0000000437800000|  0%| F|  |TAMS 0x0000000437400000, 0x0000000437400000| Untracked 
| 218|0x0000000437800000, 0x0000000437800000, 0x0000000437c00000|  0%| F|  |TAMS 0x0000000437800000, 0x0000000437800000| Untracked 
| 219|0x0000000437c00000, 0x0000000437c00000, 0x0000000438000000|  0%| F|  |TAMS 0x0000000437c00000, 0x0000000437c00000| Untracked 
| 220|0x0000000438000000, 0x0000000438000000, 0x0000000438400000|  0%| F|  |TAMS 0x0000000438000000, 0x0000000438000000| Untracked 
| 221|0x0000000438400000, 0x0000000438400000, 0x0000000438800000|  0%| F|  |TAMS 0x0000000438400000, 0x0000000438400000| Untracked 
| 222|0x0000000438800000, 0x0000000438800000, 0x0000000438c00000|  0%| F|  |TAMS 0x0000000438800000, 0x0000000438800000| Untracked 
| 223|0x0000000438c00000, 0x0000000438c00000, 0x0000000439000000|  0%| F|  |TAMS 0x0000000438c00000, 0x0000000438c00000| Untracked 
| 224|0x0000000439000000, 0x0000000439000000, 0x0000000439400000|  0%| F|  |TAMS 0x0000000439000000, 0x0000000439000000| Untracked 
| 225|0x0000000439400000, 0x0000000439400000, 0x0000000439800000|  0%| F|  |TAMS 0x0000000439400000, 0x0000000439400000| Untracked 
| 226|0x0000000439800000, 0x0000000439800000, 0x0000000439c00000|  0%| F|  |TAMS 0x0000000439800000, 0x0000000439800000| Untracked 
| 227|0x0000000439c00000, 0x0000000439c00000, 0x000000043a000000|  0%| F|  |TAMS 0x0000000439c00000, 0x0000000439c00000| Untracked 
| 228|0x000000043a000000, 0x000000043a000000, 0x000000043a400000|  0%| F|  |TAMS 0x000000043a000000, 0x000000043a000000| Untracked 
| 229|0x000000043a400000, 0x000000043a400000, 0x000000043a800000|  0%| F|  |TAMS 0x000000043a400000, 0x000000043a400000| Untracked 
| 230|0x000000043a800000, 0x000000043a800000, 0x000000043ac00000|  0%| F|  |TAMS 0x000000043a800000, 0x000000043a800000| Untracked 
| 231|0x000000043ac00000, 0x000000043ac00000, 0x000000043b000000|  0%| F|  |TAMS 0x000000043ac00000, 0x000000043ac00000| Untracked 
| 232|0x000000043b000000, 0x000000043b000000, 0x000000043b400000|  0%| F|  |TAMS 0x000000043b000000, 0x000000043b000000| Untracked 
| 233|0x000000043b400000, 0x000000043b400000, 0x000000043b800000|  0%| F|  |TAMS 0x000000043b400000, 0x000000043b400000| Untracked 
| 234|0x000000043b800000, 0x000000043b800000, 0x000000043bc00000|  0%| F|  |TAMS 0x000000043b800000, 0x000000043b800000| Untracked 
| 235|0x000000043bc00000, 0x000000043bc00000, 0x000000043c000000|  0%| F|  |TAMS 0x000000043bc00000, 0x000000043bc00000| Untracked 
| 236|0x000000043c000000, 0x000000043c000000, 0x000000043c400000|  0%| F|  |TAMS 0x000000043c000000, 0x000000043c000000| Untracked 
| 237|0x000000043c400000, 0x000000043c400000, 0x000000043c800000|  0%| F|  |TAMS 0x000000043c400000, 0x000000043c400000| Untracked 
| 238|0x000000043c800000, 0x000000043c800000, 0x000000043cc00000|  0%| F|  |TAMS 0x000000043c800000, 0x000000043c800000| Untracked 
| 239|0x000000043cc00000, 0x000000043cc00000, 0x000000043d000000|  0%| F|  |TAMS 0x000000043cc00000, 0x000000043cc00000| Untracked 
| 240|0x000000043d000000, 0x000000043d000000, 0x000000043d400000|  0%| F|  |TAMS 0x000000043d000000, 0x000000043d000000| Untracked 
| 241|0x000000043d400000, 0x000000043d400000, 0x000000043d800000|  0%| F|  |TAMS 0x000000043d400000, 0x000000043d400000| Untracked 
| 242|0x000000043d800000, 0x000000043d800000, 0x000000043dc00000|  0%| F|  |TAMS 0x000000043d800000, 0x000000043d800000| Untracked 
| 243|0x000000043dc00000, 0x000000043dc00000, 0x000000043e000000|  0%| F|  |TAMS 0x000000043dc00000, 0x000000043dc00000| Untracked 
| 244|0x000000043e000000, 0x000000043e000000, 0x000000043e400000|  0%| F|  |TAMS 0x000000043e000000, 0x000000043e000000| Untracked 
| 245|0x000000043e400000, 0x000000043e400000, 0x000000043e800000|  0%| F|  |TAMS 0x000000043e400000, 0x000000043e400000| Untracked 
| 246|0x000000043e800000, 0x000000043e800000, 0x000000043ec00000|  0%| F|  |TAMS 0x000000043e800000, 0x000000043e800000| Untracked 
| 247|0x000000043ec00000, 0x000000043ec00000, 0x000000043f000000|  0%| F|  |TAMS 0x000000043ec00000, 0x000000043ec00000| Untracked 
| 248|0x000000043f000000, 0x000000043f000000, 0x000000043f400000|  0%| F|  |TAMS 0x000000043f000000, 0x000000043f000000| Untracked 
| 249|0x000000043f400000, 0x000000043f400000, 0x000000043f800000|  0%| F|  |TAMS 0x000000043f400000, 0x000000043f400000| Untracked 
| 250|0x000000043f800000, 0x000000043f8f9c90, 0x000000043fc00000| 24%| S|CS|TAMS 0x000000043f800000, 0x000000043f800000| Complete 
| 251|0x000000043fc00000, 0x000000043fc00000, 0x0000000440000000|  0%| F|  |TAMS 0x000000043fc00000, 0x000000043fc00000| Untracked 
| 252|0x0000000440000000, 0x000000044023df68, 0x0000000440400000| 56%| E|  |TAMS 0x0000000440000000, 0x0000000440000000| Complete 
| 253|0x0000000440400000, 0x0000000440800000, 0x0000000440800000|100%| E|CS|TAMS 0x0000000440400000, 0x0000000440400000| Complete 
| 254|0x0000000440800000, 0x0000000440c00000, 0x0000000440c00000|100%| E|CS|TAMS 0x0000000440800000, 0x0000000440800000| Complete 
| 255|0x0000000440c00000, 0x0000000441000000, 0x0000000441000000|100%| E|CS|TAMS 0x0000000440c00000, 0x0000000440c00000| Complete 

Card table byte_map: [0x000001ce2a920000,0x000001ce2c920000] _byte_map_base: 0x000001ce28918000

Marking Bits (Prev, Next): (CMBitMap*) 0x000001ce109ee180, (CMBitMap*) 0x000001ce109ee148
 Prev Bits: [0x000001ce3e8e0000, 0x000001ce4e8a0000)
 Next Bits: [0x000001ce2e920000, 0x000001ce3e8e0000)

Polling page: 0x000001ce0eee0000

Metaspace:

Usage:
  Non-class:     18.83 MB capacity,    18.59 MB ( 99%) used,   211.63 KB (  1%) free+waste,    33.88 KB ( <1%) overhead. 
      Class:      2.16 MB capacity,     2.04 MB ( 94%) used,   108.13 KB (  5%) free+waste,    14.81 KB ( <1%) overhead. 
       Both:     21.00 MB capacity,    20.64 MB ( 98%) used,   319.76 KB (  1%) free+waste,    48.69 KB ( <1%) overhead. 

Virtual space:
  Non-class space:       20.00 MB reserved,      18.92 MB ( 95%) committed 
      Class space:        1.00 GB reserved,       2.25 MB ( <1%) committed 
             Both:        1.02 GB reserved,      21.17 MB (  2%) committed 

Chunk freelists:
   Non-Class:  5.25 KB
       Class:  3.25 KB
        Both:  8.50 KB

CodeHeap 'non-profiled nmethods': size=120000Kb used=828Kb max_used=828Kb free=119171Kb
 bounds [0x000001ce20770000, 0x000001ce209e0000, 0x000001ce27ca0000]
CodeHeap 'profiled nmethods': size=120000Kb used=4034Kb max_used=4034Kb free=115965Kb
 bounds [0x000001ce19240000, 0x000001ce19640000, 0x000001ce20770000]
CodeHeap 'non-nmethods': size=5760Kb used=1188Kb max_used=1248Kb free=4571Kb
 bounds [0x000001ce18ca0000, 0x000001ce18f10000, 0x000001ce19240000]
 total_blobs=2575 nmethods=1743 adapters=333
 compilation: enabled
              stopped_count=0, restarted_count=0
 full_count=0

Compilation events (10 events):
Event: 2.655 Thread 0x000001ce517fb000 nmethod 1735 0x000001ce19621f10 code [0x000001ce196220c0, 0x000001ce19622270]
Event: 2.655 Thread 0x000001ce517fb000 1736       3       java.util.HashMap::<init> (8 bytes)
Event: 2.656 Thread 0x000001ce517fb000 nmethod 1736 0x000001ce19622310 code [0x000001ce19622500, 0x000001ce196226b0]
Event: 2.658 Thread 0x000001ce517fb000 1737       3       java.net.URI::isOpaque (13 bytes)
Event: 2.658 Thread 0x000001ce517fb000 nmethod 1737 0x000001ce19622790 code [0x000001ce19622940, 0x000001ce19622af8]
Event: 2.659 Thread 0x000001ce517fb000 1738       1       java.net.URI::getRawFragment (5 bytes)
Event: 2.659 Thread 0x000001ce517fb000 nmethod 1738 0x000001ce2083e790 code [0x000001ce2083e940, 0x000001ce2083ea58]
Event: 2.659 Thread 0x000001ce517fb000 1739       1       java.net.URI::getRawQuery (5 bytes)
Event: 2.659 Thread 0x000001ce517fb000 nmethod 1739 0x000001ce2083eb10 code [0x000001ce2083ecc0, 0x000001ce2083edd8]
Event: 2.663 Thread 0x000001ce517fb000 1740       3       java.util.WeakHashMap::isEmpty (13 bytes)

GC Heap History (6 events):
Event: 1.595 GC heap before
{Heap before GC invocations=0 (full 0):
 garbage-first heap   total 1048576K, used 49152K [0x0000000401000000, 0x0000000800000000)
  region size 4096K, 12 young (49152K), 0 survivors (0K)
 Metaspace       used 14666K, capacity 14846K, committed 15104K, reserved 1062912K
  class space    used 1356K, capacity 1413K, committed 1536K, reserved 1048576K
}
Event: 1.602 GC heap after
{Heap after GC invocations=1 (full 0):
 garbage-first heap   total 1048576K, used 7437K [0x0000000401000000, 0x0000000800000000)
  region size 4096K, 2 young (8192K), 2 survivors (8192K)
 Metaspace       used 14666K, capacity 14846K, committed 15104K, reserved 1062912K
  class space    used 1356K, capacity 1413K, committed 1536K, reserved 1048576K
}
Event: 2.235 GC heap before
{Heap before GC invocations=1 (full 0):
 garbage-first heap   total 1048576K, used 48397K [0x0000000401000000, 0x0000000800000000)
  region size 4096K, 12 young (49152K), 2 survivors (8192K)
 Metaspace       used 19075K, capacity 19350K, committed 19584K, reserved 1067008K
  class space    used 1817K, capacity 1899K, committed 1920K, reserved 1048576K
}
Event: 2.240 GC heap after
{Heap after GC invocations=2 (full 0):
 garbage-first heap   total 1048576K, used 8072K [0x0000000401000000, 0x0000000800000000)
  region size 4096K, 1 young (4096K), 1 survivors (4096K)
 Metaspace       used 19075K, capacity 19350K, committed 19584K, reserved 1067008K
  class space    used 1817K, capacity 1899K, committed 1920K, reserved 1048576K
}
Event: 2.591 GC heap before
{Heap before GC invocations=2 (full 0):
 garbage-first heap   total 1048576K, used 24456K [0x0000000401000000, 0x0000000800000000)
  region size 4096K, 6 young (24576K), 1 survivors (4096K)
 Metaspace       used 20940K, capacity 21191K, committed 21296K, reserved 1069056K
  class space    used 2054K, capacity 2132K, committed 2176K, reserved 1048576K
}
Event: 2.595 GC heap after
{Heap after GC invocations=3 (full 0):
 garbage-first heap   total 1048576K, used 8196K [0x0000000401000000, 0x0000000800000000)
  region size 4096K, 1 young (4096K), 1 survivors (4096K)
 Metaspace       used 20940K, capacity 21191K, committed 21296K, reserved 1069056K
  class space    used 2054K, capacity 2132K, committed 2176K, reserved 1048576K
}

Deoptimization events (10 events):
Event: 1.523 Thread 0x000001ce10929800 Uncommon trap: reason=unstable_if action=reinterpret pc=0x000001ce20787010 method=java.lang.AbstractStringBuilder.isLatin1()Z @ 10 c2
Event: 1.525 Thread 0x000001ce10929800 Uncommon trap: reason=unstable_if action=reinterpret pc=0x000001ce207a5bfc method=java.lang.AbstractStringBuilder.putStringAt(ILjava/lang/String;)V @ 8 c2
Event: 1.525 Thread 0x000001ce10929800 Uncommon trap: reason=unstable_if action=reinterpret pc=0x000001ce207a4efc method=java.lang.String.getBytes([BIB)V @ 5 c2
Event: 1.525 Thread 0x000001ce10929800 Uncommon trap: reason=unstable_if action=reinterpret pc=0x000001ce207c7728 method=java.lang.AbstractStringBuilder.isLatin1()Z @ 10 c2
Event: 1.537 Thread 0x000001ce10929800 Uncommon trap: reason=class_check action=maybe_recompile pc=0x000001ce207f988c method=java.lang.Character.toUpperCase(I)I @ 5 c2
Event: 1.627 Thread 0x000001ce10929800 Uncommon trap: reason=unstable_if action=reinterpret pc=0x000001ce207fc9a8 method=org.eclipse.jdt.launching.internal.org.objectweb.asm.ByteVector.putByteArray([BII)Lorg/eclipse/jdt/launching/internal/org/objectweb/asm/ByteVector; @ 20 c2
Event: 2.019 Thread 0x000001ce10929800 Uncommon trap: reason=unstable_if action=reinterpret pc=0x000001ce207e3c38 method=org.eclipse.jdt.launching.internal.org.objectweb.asm.ByteVector.encodeUtf8(Ljava/lang/String;II)Lorg/eclipse/jdt/launching/internal/org/objectweb/asm/ByteVector; @ 139 c2
Event: 2.105 Thread 0x000001ce10929800 Uncommon trap: reason=unstable_if action=reinterpret pc=0x000001ce207e7f20 method=java.util.HashMap.hash(Ljava/lang/Object;)I @ 1 c2
Event: 2.105 Thread 0x000001ce10929800 Uncommon trap: reason=unstable_if action=reinterpret pc=0x000001ce207e4c3c method=java.util.HashMap.hash(Ljava/lang/Object;)I @ 1 c2
Event: 2.381 Thread 0x000001ce10929800 Uncommon trap: reason=unstable_if action=reinterpret pc=0x000001ce207c2abc method=java.util.HashMap.getNode(ILjava/lang/Object;)Ljava/util/HashMap$Node; @ 62 c2

Classes redefined (0 events):
No events

Internal exceptions (10 events):
Event: 2.136 Thread 0x000001ce10929800 Exception <a 'java/lang/NoSuchMethodError'{0x000000043ef72d58}: java.lang.invoke.DirectMethodHandle$Holder.invokeSpecial(Ljava/lang/Object;Ljava/lang/Object;)J> (0x000000043ef72d58) thrown at [t:/workspace/open/src/hotspot/share/interpreter/linkResolver.c
Event: 2.140 Thread 0x000001ce10929800 Exception <a 'java/lang/NoSuchMethodError'{0x000000043ef7d910}: java.lang.invoke.DirectMethodHandle$Holder.invokeStatic(Ljava/lang/Object;Ljava/lang/Object;)J> (0x000000043ef7d910) thrown at [t:/workspace/open/src/hotspot/share/interpreter/linkResolver.cp
Event: 2.141 Thread 0x000001ce10929800 Exception <a 'java/lang/NoSuchMethodError'{0x000000043ef80738}: java.lang.invoke.DirectMethodHandle$Holder.invokeStaticInit(Ljava/lang/Object;Ljava/lang/Object;)J> (0x000000043ef80738) thrown at [t:/workspace/open/src/hotspot/share/interpreter/linkResolve
Event: 2.145 Thread 0x000001ce10929800 Exception <a 'java/lang/NoSuchMethodError'{0x000000043ef8cc18}: java.lang.invoke.DirectMethodHandle$Holder.invokeInterface(Ljava/lang/Object;Ljava/lang/Object;)J> (0x000000043ef8cc18) thrown at [t:/workspace/open/src/hotspot/share/interpreter/linkResolver
Event: 2.146 Thread 0x000001ce10929800 Exception <a 'java/lang/IncompatibleClassChangeError'{0x000000043ef8f9b0}: Found class java.lang.Object, but interface was expected> (0x000000043ef8f9b0) thrown at [t:/workspace/open/src/hotspot/share/interpreter/linkResolver.cpp, line 838]
Event: 2.295 Thread 0x000001ce10929800 Exception <a 'java/lang/NoSuchMethodError'{0x0000000440f1a168}: java.lang.invoke.DirectMethodHandle$Holder.invokeSpecialIFC(Ljava/lang/Object;Ljava/lang/Object;Ljava/lang/Object;Ljava/lang/Object;)Ljava/lang/Object;> (0x0000000440f1a168) thrown at [t:/wor
Event: 2.330 Thread 0x000001ce10929800 Exception <a 'java/lang/NoSuchMethodError'{0x00000004408f3320}: java.lang.invoke.DirectMethodHandle$Holder.invokeStaticInit(Ljava/lang/Object;Ljava/lang/Object;)I> (0x00000004408f3320) thrown at [t:/workspace/open/src/hotspot/share/interpreter/linkResolve
Event: 2.455 Thread 0x000001ce10929800 Exception <a 'java/lang/NoSuchMethodError'{0x00000004406db838}: java.lang.invoke.DirectMethodHandle$Holder.invokeStaticInit(Ljava/lang/Object;Ljava/lang/Object;Ljava/lang/Object;)I> (0x00000004406db838) thrown at [t:/workspace/open/src/hotspot/share/inter
Event: 2.465 Thread 0x000001ce10929800 Exception <a 'java/lang/NoSuchMethodError'{0x0000000440742238}: java.lang.invoke.DirectMethodHandle$Holder.invokeVirtual(Ljava/lang/Object;Ljava/lang/Object;Ljava/lang/Object;)Ljava/lang/Object;> (0x0000000440742238) thrown at [t:/workspace/open/src/hotsp
Event: 2.482 Thread 0x000001ce10929800 Exception <a 'java/lang/NoSuchMethodError'{0x00000004407d89e0}: java.lang.invoke.DirectMethodHandle$Holder.invokeSpecial(Ljava/lang/Object;Ljava/lang/Object;)V> (0x00000004407d89e0) thrown at [t:/workspace/open/src/hotspot/share/interpreter/linkResolver.c

Events (10 events):
Event: 2.620 loading class java/util/stream/Nodes$EmptyNode$OfDouble
Event: 2.620 loading class java/util/stream/Node$OfDouble
Event: 2.620 loading class java/util/stream/Node$OfDouble done
Event: 2.620 loading class java/util/stream/Nodes$EmptyNode$OfDouble done
Event: 2.620 loading class java/util/stream/Nodes$FixedNodeBuilder
Event: 2.620 loading class java/util/stream/Node$Builder
Event: 2.620 loading class java/util/stream/Node$Builder done
Event: 2.620 loading class java/util/stream/Nodes$ArrayNode
Event: 2.621 loading class java/util/stream/Nodes$ArrayNode done
Event: 2.621 loading class java/util/stream/Nodes$FixedNodeBuilder done


Dynamic libraries:
0x00007ff6e1390000 - 0x00007ff6e13d5000 	G:\WORK\JAVA_FOLDER\JDKS\openjdk-11.0.2\jdk-11.0.2\bin\javaw.exe
0x00007ffee2560000 - 0x00007ffee2750000 	C:\WINDOWS\SYSTEM32\ntdll.dll
0x00007ffee1020000 - 0x00007ffee10d2000 	C:\WINDOWS\System32\KERNEL32.DLL
0x00007ffedfc70000 - 0x00007ffedff15000 	C:\WINDOWS\System32\KERNELBASE.dll
0x00007ffee1210000 - 0x00007ffee13a4000 	C:\WINDOWS\System32\USER32.dll
0x00007ffee02f0000 - 0x00007ffee0311000 	C:\WINDOWS\System32\win32u.dll
0x00007ffee2300000 - 0x00007ffee2326000 	C:\WINDOWS\System32\GDI32.dll
0x00007ffee0150000 - 0x00007ffee02e6000 	C:\WINDOWS\System32\gdi32full.dll
0x00007ffedff50000 - 0x00007ffedffee000 	C:\WINDOWS\System32\msvcp_win.dll
0x00007ffedfff0000 - 0x00007ffee00ea000 	C:\WINDOWS\System32\ucrtbase.dll
0x00007ffecb950000 - 0x00007ffecbbd4000 	C:\WINDOWS\WinSxS\amd64_microsoft.windows.common-controls_6595b64144ccf1df_6.0.18362.1139_none_9e7bf2d3e4605ac6\COMCTL32.dll
0x00007ffee1ba0000 - 0x00007ffee1c3e000 	C:\WINDOWS\System32\msvcrt.dll
0x00007ffee0c10000 - 0x00007ffee0f45000 	C:\WINDOWS\System32\combase.dll
0x00007ffee0a80000 - 0x00007ffee0ba0000 	C:\WINDOWS\System32\RPCRT4.dll
0x00007ffee0570000 - 0x00007ffee05f0000 	C:\WINDOWS\System32\bcryptPrimitives.dll
0x00007ffee20a0000 - 0x00007ffee20ce000 	C:\WINDOWS\System32\IMM32.DLL
0x00007ffed7d90000 - 0x00007ffed7da6000 	G:\WORK\JAVA_FOLDER\JDKS\openjdk-11.0.2\jdk-11.0.2\bin\vcruntime140.dll
0x00007ffebcc50000 - 0x00007ffebccfa000 	G:\WORK\JAVA_FOLDER\JDKS\openjdk-11.0.2\jdk-11.0.2\bin\msvcp140.dll
0x00007ffe7bdd0000 - 0x00007ffe7c8f3000 	G:\WORK\JAVA_FOLDER\JDKS\openjdk-11.0.2\jdk-11.0.2\bin\server\jvm.dll
0x00007ffee2470000 - 0x00007ffee2513000 	C:\WINDOWS\System32\ADVAPI32.dll
0x00007ffee1f50000 - 0x00007ffee1fe7000 	C:\WINDOWS\System32\sechost.dll
0x00007ffee1c40000 - 0x00007ffee1c48000 	C:\WINDOWS\System32\PSAPI.DLL
0x00007ffebe040000 - 0x00007ffebe049000 	C:\WINDOWS\SYSTEM32\WSOCK32.dll
0x00007ffed85a0000 - 0x00007ffed85aa000 	C:\WINDOWS\SYSTEM32\VERSION.dll
0x00007ffedceb0000 - 0x00007ffedced4000 	C:\WINDOWS\SYSTEM32\WINMM.dll
0x00007ffee0f50000 - 0x00007ffee0fbf000 	C:\WINDOWS\System32\WS2_32.dll
0x00007ffedce80000 - 0x00007ffedcead000 	C:\WINDOWS\SYSTEM32\winmmbase.dll
0x00007ffee03d0000 - 0x00007ffee041a000 	C:\WINDOWS\System32\cfgmgr32.dll
0x00007ffedf460000 - 0x00007ffedf471000 	C:\WINDOWS\System32\kernel.appcore.dll
0x00007ffed7ba0000 - 0x00007ffed7bb1000 	G:\WORK\JAVA_FOLDER\JDKS\openjdk-11.0.2\jdk-11.0.2\bin\verify.dll
0x00007ffec4130000 - 0x00007ffec4324000 	C:\WINDOWS\SYSTEM32\DBGHELP.DLL
0x00007ffec43e0000 - 0x00007ffec440a000 	C:\WINDOWS\SYSTEM32\dbgcore.DLL
0x00007ffebf4b0000 - 0x00007ffebf4d8000 	G:\WORK\JAVA_FOLDER\JDKS\openjdk-11.0.2\jdk-11.0.2\bin\java.dll
0x00007ffebcba0000 - 0x00007ffebcbd7000 	G:\WORK\JAVA_FOLDER\JDKS\openjdk-11.0.2\jdk-11.0.2\bin\jdwp.dll
0x00007ffebee10000 - 0x00007ffebee3f000 	G:\WORK\JAVA_FOLDER\JDKS\openjdk-11.0.2\jdk-11.0.2\bin\instrument.dll
0x00007ffed7930000 - 0x00007ffed7946000 	G:\WORK\JAVA_FOLDER\JDKS\openjdk-11.0.2\jdk-11.0.2\bin\zip.dll
0x00007ffed80e0000 - 0x00007ffed80ea000 	G:\WORK\JAVA_FOLDER\JDKS\openjdk-11.0.2\jdk-11.0.2\bin\jimage.dll
0x00007ffee14b0000 - 0x00007ffee1b97000 	C:\WINDOWS\System32\SHELL32.dll
0x00007ffee1e10000 - 0x00007ffee1eb9000 	C:\WINDOWS\System32\shcore.dll
0x00007ffedf4f0000 - 0x00007ffedfc70000 	C:\WINDOWS\System32\windows.storage.dll
0x00007ffedf430000 - 0x00007ffedf453000 	C:\WINDOWS\System32\profapi.dll
0x00007ffedf4a0000 - 0x00007ffedf4ea000 	C:\WINDOWS\System32\powrprof.dll
0x00007ffedf420000 - 0x00007ffedf430000 	C:\WINDOWS\System32\UMPDC.dll
0x00007ffee1430000 - 0x00007ffee1482000 	C:\WINDOWS\System32\shlwapi.dll
0x00007ffee05f0000 - 0x00007ffee0607000 	C:\WINDOWS\System32\cryptsp.dll
0x00007ffed7de0000 - 0x00007ffed7dea000 	G:\WORK\JAVA_FOLDER\JDKS\openjdk-11.0.2\jdk-11.0.2\bin\dt_socket.dll
0x00007ffedec20000 - 0x00007ffedec87000 	C:\WINDOWS\System32\mswsock.dll
0x00007ffede980000 - 0x00007ffedea4b000 	C:\WINDOWS\SYSTEM32\DNSAPI.dll
0x00007ffee1ec0000 - 0x00007ffee1ec8000 	C:\WINDOWS\System32\NSI.dll
0x00007ffede940000 - 0x00007ffede97a000 	C:\WINDOWS\SYSTEM32\IPHLPAPI.DLL
0x00007ffed8600000 - 0x00007ffed8677000 	C:\WINDOWS\System32\fwpuclnt.dll
0x00007ffedff20000 - 0x00007ffedff46000 	C:\WINDOWS\System32\bcrypt.dll
0x00007ffecdcb0000 - 0x00007ffecdcba000 	C:\Windows\System32\rasadhlp.dll
0x00007ffed6be0000 - 0x00007ffed6bf9000 	G:\WORK\JAVA_FOLDER\JDKS\openjdk-11.0.2\jdk-11.0.2\bin\net.dll
0x00007ffed9b20000 - 0x00007ffed9c10000 	C:\WINDOWS\SYSTEM32\WINHTTP.dll
0x00007ffecfb50000 - 0x00007ffecfd26000 	C:\WINDOWS\SYSTEM32\urlmon.dll
0x00007ffed4bd0000 - 0x00007ffed4e77000 	C:\WINDOWS\SYSTEM32\iertutil.dll
0x00007ffededa0000 - 0x00007ffededac000 	C:\WINDOWS\SYSTEM32\CRYPTBASE.DLL
0x00007ffecea00000 - 0x00007ffecea13000 	G:\WORK\JAVA_FOLDER\JDKS\openjdk-11.0.2\jdk-11.0.2\bin\nio.dll
0x00007ffed79b0000 - 0x00007ffed79b9000 	G:\WORK\JAVA_FOLDER\JDKS\openjdk-11.0.2\jdk-11.0.2\bin\management.dll
0x00007ffec85a0000 - 0x00007ffec85ac000 	G:\WORK\JAVA_FOLDER\JDKS\openjdk-11.0.2\jdk-11.0.2\bin\management_ext.dll

dbghelp: loaded successfully - version: 4.0.5 - missing functions: none
symbol engine: initialized successfully - sym options: 0x614 - pdb path: .;G:\WORK\JAVA_FOLDER\JDKS\openjdk-11.0.2\jdk-11.0.2\bin;C:\WINDOWS\SYSTEM32;C:\WINDOWS\WinSxS\amd64_microsoft.windows.common-controls_6595b64144ccf1df_6.0.18362.1139_none_9e7bf2d3e4605ac6;G:\WORK\JAVA_FOLDER\JDKS\openjdk-11.0.2\jdk-11.0.2\bin\server

VM Arguments:
jvm_args: -agentlib:jdwp=transport=dt_socket,suspend=y,address=localhost:51675 -javaagent:G:\WORK\JAVA_FOLDER\Eclipses\eclipse122020\eclipse\configuration\org.eclipse.osgi\405\0\.cp\lib\javaagent-shaded.jar -Dfile.encoding=UTF-8 
java_command: com.example.kafka.producer.ProducerApplication
java_class_path (initial): G:\WORK\JAVA_FOLDER\TESTES_PROJETOS\Kafka_Teste1\producer\target\classes;G:\WORK\maven\repository\org\springframework\boot\spring-boot-starter-actuator\2.4.1\spring-boot-starter-actuator-2.4.1.jar;G:\WORK\maven\repository\org\springframework\boot\spring-boot-starter\2.4.1\spring-boot-starter-2.4.1.jar;G:\WORK\maven\repository\org\springframework\boot\spring-boot-starter-logging\2.4.1\spring-boot-starter-logging-2.4.1.jar;G:\WORK\maven\repository\org\apache\logging\log4j\log4j-to-slf4j\2.13.3\log4j-to-slf4j-2.13.3.jar;G:\WORK\maven\repository\org\apache\logging\log4j\log4j-api\2.13.3\log4j-api-2.13.3.jar;G:\WORK\maven\repository\org\slf4j\jul-to-slf4j\1.7.30\jul-to-slf4j-1.7.30.jar;G:\WORK\maven\repository\jakarta\annotation\jakarta.annotation-api\1.3.5\jakarta.annotation-api-1.3.5.jar;G:\WORK\maven\repository\org\yaml\snakeyaml\1.27\snakeyaml-1.27.jar;G:\WORK\maven\repository\org\springframework\boot\spring-boot-actuator-autoconfigure\2.4.1\spring-boot-actuator-autoconfigure-2.4.1.jar;G:\WORK\maven\repository\org\springframework\boot\spring-boot-actuator\2.4.1\spring-boot-actuator-2.4.1.jar;G:\WORK\maven\repository\org\springframework\boot\spring-boot-starter-web\2.4.1\spring-boot-starter-web-2.4.1.jar;G:\WORK\maven\repository\org\springframework\boot\spring-boot-starter-json\2.4.1\spring-boot-starter-json-2.4.1.jar;G:\WORK\maven\repository\com\fasterxml\jackson\datatype\jackson-datatype-jdk8\2.11.3\jackson-datatype-jdk8-2.11.3.jar;G:\WORK\maven\repository\com\fasterxml\jackson\module\jackson-module-parameter-names\2.11.3\jackson-module-parameter-names-2.11.3.jar;G:\WORK\maven\repository\org\springframework\boot\spring-boot-starter-tomcat\2.4.1\spring-boot-starter-tomcat-2.4.1.jar;G:\WORK\maven\repository\org\apache\tomcat\embed\tomcat-embed-core\9.0.41\tomcat-embed-core-9.0.41.jar;G:\WORK\maven\repository\org\glassfish\jakarta.el\3.0.3\jakarta.el-3.0.3.jar;G:\WORK\maven\repository\org\apache\tomcat\embed\tomcat-embed-websocket\9.0.41\to
Launcher Type: SUN_STANDARD

[Global flags]
     intx CICompilerCount                          = 4                                         {product} {ergonomic}
     uint ConcGCThreads                            = 3                                         {product} {ergonomic}
     uint G1ConcRefinementThreads                  = 10                                        {product} {ergonomic}
   size_t G1HeapRegionSize                         = 4194304                                   {product} {ergonomic}
    uintx GCDrainStackTargetSize                   = 64                                        {product} {ergonomic}
   size_t InitialHeapSize                          = 1073741824                                {product} {ergonomic}
   size_t MarkStackSize                            = 4194304                                   {product} {ergonomic}
   size_t MaxHeapSize                              = 17163091968                               {product} {ergonomic}
   size_t MaxNewSize                               = 10297016320                               {product} {ergonomic}
   size_t MinHeapDeltaBytes                        = 4194304                                   {product} {ergonomic}
    uintx NonNMethodCodeHeapSize                   = 5835340                                {pd product} {ergonomic}
    uintx NonProfiledCodeHeapSize                  = 122911450                              {pd product} {ergonomic}
    uintx ProfiledCodeHeapSize                     = 122911450                              {pd product} {ergonomic}
    uintx ReservedCodeCacheSize                    = 251658240                              {pd product} {ergonomic}
     bool SegmentedCodeCache                       = true                                      {product} {ergonomic}
     bool UseCompressedClassPointers               = true                                 {lp64_product} {ergonomic}
     bool UseCompressedOops                        = true                                 {lp64_product} {ergonomic}
     bool UseG1GC                                  = true                                      {product} {ergonomic}
     bool UseLargePagesIndividualAllocation        = false                                  {pd product} {ergonomic}

Logging:
Log output configuration:
 #0: stdout all=warning uptime,level,tags
 #1: stderr all=off uptime,level,tags

Environment Variables:
JAVA_HOME=G:\WORK\JAVA_FOLDER\JDKS\jdk-15.0.2
PATH=C:/Users/Mike/.p2/pool/plugins/org.eclipse.justj.openjdk.hotspot.jre.full.win32.x86_64_15.0.1.v20201027-0507/jre/bin/server;C:/Users/Mike/.p2/pool/plugins/org.eclipse.justj.openjdk.hotspot.jre.full.win32.x86_64_15.0.1.v20201027-0507/jre/bin;G:\WORK\JAVA_FOLDER\JDKS\jdk-15.0.2\bin;C:\Program Files (x86)\Common Files\Oracle\Java\javapath;C:\WINDOWS\system32;C:\WINDOWS;C:\WINDOWS\System32\Wbem;C:\WINDOWS\System32\WindowsPowerShell\v1.0\;C:\WINDOWS\System32\OpenSSH\;C:\Program Files\Dart\dart-sdk\bin;C:\Program Files\NVIDIA Corporation\NVIDIA NvDLISR;C:\Program Files (x86)\NVIDIA Corporation\PhysX\Common;G:\WORK\BD_INSTALADO\Postgre12\bin;C:\Program Files\Git\cmd;C:\Program Files\dotnet\;G:\WORK\maven\bin;C:\Program Files\nodejs\;C:\Program Files\Amazon\AWSCLIV2\;C:\Amazon\AWSSAMCLI\bin\;C:\Program Files\TortoiseGit\bin;C:\Program Files\Docker\Docker\resources\bin;C:\ProgramData\DockerDesktop\version-bin;G:\WORK\JAVA_FOLDER\JDKS\jdk-15.0.2\bin;C:\Users\Mike\AppData\Local\ValidatorBuddy;C:\Users\Mike\AppData\Local\Microsoft\WindowsApps;C:\Program Files\heroku\bin;G:\WORK\flutter\bin;G:\WORK\BD_INSTALADO\Postgre12\bin\;G:\WORK\.net\Microsoft VS Code\bin;C:\Users\Mike\.dotnet\tools;C:\Users\Mike\AppData\Roaming\npm;;C:\Users\Mike\Desktop;
USERNAME=Mike
OS=Windows_NT
PROCESSOR_IDENTIFIER=Intel64 Family 6 Model 45 Stepping 6, GenuineIntel



---------------  S Y S T E M  ---------------

OS: Windows 10 , 64 bit Build 18362 (10.0.18362.1110)

CPU:total 12 (initial active 12) (6 cores per cpu, 2 threads per core) family 6 model 45 stepping 6, cmov, cx8, fxsr, mmx, sse, sse2, sse3, ssse3, sse4.1, sse4.2, popcnt, avx, aes, clmul, ht, tsc, tscinvbit, tscinv

Memory: 4k page, system-wide physical 65463M (40219M free)
TotalPageFile size 122017M (AvailPageFile size 8M)
current process WorkingSet (physical memory assigned to process): 225M, peak: 232M
current process commit charge ("private bytes"): 1258M, peak: 1262M

vm_info: OpenJDK 64-Bit Server VM (11.0.2+9) for windows-amd64 JRE (11.0.2+9), built on Jan 18 2019 05:23:22 by "mach5one" with MS VC++ 15.5 (VS2017)

END.
