#
# There is insufficient memory for the Java Runtime Environment to continue.
# Native memory allocation (mmap) failed to map 16777216 bytes for Failed to commit area from 0x00000229c3ec0000 to 0x00000229c4ec0000 of length 16777216.
# Possible reasons:
#   The system is out of physical RAM or swap space
#   The process is running with CompressedOops enabled, and the Java Heap may be blocking the growth of the native heap
# Possible solutions:
#   Reduce memory load on the system
#   Increase physical memory or swap space
#   Check if swap backing store is full
#   Decrease Java heap size (-Xmx/-Xms)
#   Decrease number of Java threads
#   Decrease Java thread stack sizes (-Xss)
#   Set larger code cache with -XX:ReservedCodeCacheSize=
# This output file may be truncated or incomplete.
#
#  Out of Memory Error (t:/workspace/open/src/hotspot/os/windows/os_windows.cpp:3269), pid=25976, tid=28012
#
# JRE version:  (11.0.2+9) (build )
# Java VM: OpenJDK 64-Bit Server VM (11.0.2+9, mixed mode, aot, sharing, tiered, compressed oops, g1 gc, windows-amd64)
# No core dump will be written. Minidumps are not enabled by default on client versions of Windows
#

---------------  S U M M A R Y ------------

Command Line: -Dfile.encoding=UTF-8 com.example.kafka.producer.ProducerApplication

Host: Intel(R) Core(TM) i7-3930K CPU @ 3.20GHz, 12 cores, 63G,  Windows 10 , 64 bit Build 18362 (10.0.18362.1110)
Time: Tue Oct 12 11:18:23 2021 Hora oficial do Brasil elapsed time: 0 seconds (0d 0h 0m 0s)

---------------  T H R E A D  ---------------

Current thread (0x00000229a6663000):  JavaThread "Unknown thread" [_thread_in_vm, id=28012, stack(0x000000b4c9700000,0x000000b4c9800000)]

Stack: [0x000000b4c9700000,0x000000b4c9800000]
Native frames: (J=compiled Java code, j=interpreted, Vv=VM code, C=native code)
V  [jvm.dll+0x63489a]
V  [jvm.dll+0x771f9f]
V  [jvm.dll+0x773648]
V  [jvm.dll+0x773d03]
V  [jvm.dll+0x25eba8]
V  [jvm.dll+0x631d3a]
V  [jvm.dll+0x626775]
V  [jvm.dll+0x313ffc]
V  [jvm.dll+0x313e82]
V  [jvm.dll+0x3196e6]
V  [jvm.dll+0x3657b2]
V  [jvm.dll+0x3651c0]
V  [jvm.dll+0x2f0ff8]
V  [jvm.dll+0x2f2156]
V  [jvm.dll+0x74b4f7]
V  [jvm.dll+0x74cc3f]
V  [jvm.dll+0x372609]
V  [jvm.dll+0x731b69]
V  [jvm.dll+0x3e1bad]
V  [jvm.dll+0x3e3e81]
C  [javaw.exe+0x3617]
C  [javaw.exe+0x17a6c]
C  [KERNEL32.DLL+0x17c24]
C  [ntdll.dll+0x6cea1]


---------------  P R O C E S S  ---------------

Threads class SMR info:
_java_thread_list=0x00000229a439d400, length=0, elements={
}

Java Threads: ( => current thread )

Other Threads:
  0x00000229a667a000 GCTaskThread "GC Thread#0" [stack: 0x000000b4c9800000,0x000000b4c9900000] [id=27160]
  0x00000229e3f60800 ConcurrentGCThread "G1 Main Marker" [stack: 0x000000b4c9900000,0x000000b4c9a00000] [id=6940]
  0x00000229a6728800 ConcurrentGCThread "G1 Conc#0" [stack: 0x000000b4c9a00000,0x000000b4c9b00000] [id=16892]

[error occurred during error reporting (printing all threads), id 0xc0000005, EXCEPTION_ACCESS_VIOLATION (0xc0000005) at pc=0x00007ffea33af5b7]

VM state:not at safepoint (not fully initialized)

VM Mutex/Monitor currently owned by a thread:  ([mutex/lock_event])
[0x00000229a6660020] Heap_lock - owner thread: 0x00000229a6663000

Heap address: 0x0000000401000000, size: 16368 MB, Compressed Oops mode: Non-zero based: 0x0000000401000000
Narrow klass base: 0x0000000000000000, Narrow klass shift: 0

GC Heap History (0 events):
No events

Deoptimization events (0 events):
No events

Classes redefined (0 events):
No events

Internal exceptions (0 events):
No events

Events (0 events):
No events


Dynamic libraries:
0x00007ff6e1390000 - 0x00007ff6e13d5000 	G:\WORK\JAVA_FOLDER\JDKS\openjdk-11.0.2\jdk-11.0.2\bin\javaw.exe
0x00007ffee2560000 - 0x00007ffee2750000 	C:\WINDOWS\SYSTEM32\ntdll.dll
0x00007ffee1020000 - 0x00007ffee10d2000 	C:\WINDOWS\System32\KERNEL32.DLL
0x00007ffedfc70000 - 0x00007ffedff15000 	C:\WINDOWS\System32\KERNELBASE.dll
0x00007ffee1210000 - 0x00007ffee13a4000 	C:\WINDOWS\System32\USER32.dll
0x00007ffee02f0000 - 0x00007ffee0311000 	C:\WINDOWS\System32\win32u.dll
0x00007ffee2300000 - 0x00007ffee2326000 	C:\WINDOWS\System32\GDI32.dll
0x00007ffee0150000 - 0x00007ffee02e6000 	C:\WINDOWS\System32\gdi32full.dll
0x00007ffedff50000 - 0x00007ffedffee000 	C:\WINDOWS\System32\msvcp_win.dll
0x00007ffedfff0000 - 0x00007ffee00ea000 	C:\WINDOWS\System32\ucrtbase.dll
0x00007ffecb950000 - 0x00007ffecbbd4000 	C:\WINDOWS\WinSxS\amd64_microsoft.windows.common-controls_6595b64144ccf1df_6.0.18362.1139_none_9e7bf2d3e4605ac6\COMCTL32.dll
0x00007ffee1ba0000 - 0x00007ffee1c3e000 	C:\WINDOWS\System32\msvcrt.dll
0x00007ffee0c10000 - 0x00007ffee0f45000 	C:\WINDOWS\System32\combase.dll
0x00007ffee0a80000 - 0x00007ffee0ba0000 	C:\WINDOWS\System32\RPCRT4.dll
0x00007ffee0570000 - 0x00007ffee05f0000 	C:\WINDOWS\System32\bcryptPrimitives.dll
0x00007ffee20a0000 - 0x00007ffee20ce000 	C:\WINDOWS\System32\IMM32.DLL
0x00007ffed8120000 - 0x00007ffed8136000 	G:\WORK\JAVA_FOLDER\JDKS\openjdk-11.0.2\jdk-11.0.2\bin\vcruntime140.dll
0x00007ffebcc50000 - 0x00007ffebccfa000 	G:\WORK\JAVA_FOLDER\JDKS\openjdk-11.0.2\jdk-11.0.2\bin\msvcp140.dll
0x00007ffea30b0000 - 0x00007ffea3bd3000 	G:\WORK\JAVA_FOLDER\JDKS\openjdk-11.0.2\jdk-11.0.2\bin\server\jvm.dll
0x00007ffee2470000 - 0x00007ffee2513000 	C:\WINDOWS\System32\ADVAPI32.dll
0x00007ffee1f50000 - 0x00007ffee1fe7000 	C:\WINDOWS\System32\sechost.dll
0x00007ffee1c40000 - 0x00007ffee1c48000 	C:\WINDOWS\System32\PSAPI.DLL
0x00007ffed85a0000 - 0x00007ffed85aa000 	C:\WINDOWS\SYSTEM32\VERSION.dll
0x00007ffebe040000 - 0x00007ffebe049000 	C:\WINDOWS\SYSTEM32\WSOCK32.dll
0x00007ffedceb0000 - 0x00007ffedced4000 	C:\WINDOWS\SYSTEM32\WINMM.dll
0x00007ffee0f50000 - 0x00007ffee0fbf000 	C:\WINDOWS\System32\WS2_32.dll
0x00007ffedce80000 - 0x00007ffedcead000 	C:\WINDOWS\SYSTEM32\WINMMBASE.dll
0x00007ffee03d0000 - 0x00007ffee041a000 	C:\WINDOWS\System32\cfgmgr32.dll
0x00007ffedf460000 - 0x00007ffedf471000 	C:\WINDOWS\System32\kernel.appcore.dll
0x00007ffed7d90000 - 0x00007ffed7da1000 	G:\WORK\JAVA_FOLDER\JDKS\openjdk-11.0.2\jdk-11.0.2\bin\verify.dll
0x00007ffec4130000 - 0x00007ffec4324000 	C:\WINDOWS\SYSTEM32\DBGHELP.DLL
0x00007ffec43e0000 - 0x00007ffec440a000 	C:\WINDOWS\SYSTEM32\dbgcore.DLL
0x00007ffebf4b0000 - 0x00007ffebf4d8000 	G:\WORK\JAVA_FOLDER\JDKS\openjdk-11.0.2\jdk-11.0.2\bin\java.dll
0x00007ffed7ba0000 - 0x00007ffed7bb6000 	G:\WORK\JAVA_FOLDER\JDKS\openjdk-11.0.2\jdk-11.0.2\bin\zip.dll
0x00007ffed85f0000 - 0x00007ffed85fa000 	G:\WORK\JAVA_FOLDER\JDKS\openjdk-11.0.2\jdk-11.0.2\bin\jimage.dll

dbghelp: loaded successfully - version: 4.0.5 - missing functions: none
symbol engine: initialized successfully - sym options: 0x614 - pdb path: .;G:\WORK\JAVA_FOLDER\JDKS\openjdk-11.0.2\jdk-11.0.2\bin;C:\WINDOWS\SYSTEM32;C:\WINDOWS\WinSxS\amd64_microsoft.windows.common-controls_6595b64144ccf1df_6.0.18362.1139_none_9e7bf2d3e4605ac6;G:\WORK\JAVA_FOLDER\JDKS\openjdk-11.0.2\jdk-11.0.2\bin\server

VM Arguments:
jvm_args: -Dfile.encoding=UTF-8 
java_command: com.example.kafka.producer.ProducerApplication
java_class_path (initial): G:\WORK\JAVA_FOLDER\TESTES_PROJETOS\Kafka_Teste1\producer\target\classes;G:\WORK\maven\repository\org\springframework\boot\spring-boot-starter-actuator\2.4.1\spring-boot-starter-actuator-2.4.1.jar;G:\WORK\maven\repository\org\springframework\boot\spring-boot-starter\2.4.1\spring-boot-starter-2.4.1.jar;G:\WORK\maven\repository\org\springframework\boot\spring-boot-starter-logging\2.4.1\spring-boot-starter-logging-2.4.1.jar;G:\WORK\maven\repository\org\apache\logging\log4j\log4j-to-slf4j\2.13.3\log4j-to-slf4j-2.13.3.jar;G:\WORK\maven\repository\org\apache\logging\log4j\log4j-api\2.13.3\log4j-api-2.13.3.jar;G:\WORK\maven\repository\org\slf4j\jul-to-slf4j\1.7.30\jul-to-slf4j-1.7.30.jar;G:\WORK\maven\repository\jakarta\annotation\jakarta.annotation-api\1.3.5\jakarta.annotation-api-1.3.5.jar;G:\WORK\maven\repository\org\yaml\snakeyaml\1.27\snakeyaml-1.27.jar;G:\WORK\maven\repository\org\springframework\boot\spring-boot-actuator-autoconfigure\2.4.1\spring-boot-actuator-autoconfigure-2.4.1.jar;G:\WORK\maven\repository\org\springframework\boot\spring-boot-actuator\2.4.1\spring-boot-actuator-2.4.1.jar;G:\WORK\maven\repository\org\springframework\boot\spring-boot-starter-web\2.4.1\spring-boot-starter-web-2.4.1.jar;G:\WORK\maven\repository\org\springframework\boot\spring-boot-starter-json\2.4.1\spring-boot-starter-json-2.4.1.jar;G:\WORK\maven\repository\com\fasterxml\jackson\datatype\jackson-datatype-jdk8\2.11.3\jackson-datatype-jdk8-2.11.3.jar;G:\WORK\maven\repository\com\fasterxml\jackson\module\jackson-module-parameter-names\2.11.3\jackson-module-parameter-names-2.11.3.jar;G:\WORK\maven\repository\org\springframework\boot\spring-boot-starter-tomcat\2.4.1\spring-boot-starter-tomcat-2.4.1.jar;G:\WORK\maven\repository\org\apache\tomcat\embed\tomcat-embed-core\9.0.41\tomcat-embed-core-9.0.41.jar;G:\WORK\maven\repository\org\glassfish\jakarta.el\3.0.3\jakarta.el-3.0.3.jar;G:\WORK\maven\repository\org\apache\tomcat\embed\tomcat-embed-websocket\9.0.41\to
Launcher Type: SUN_STANDARD

[Global flags]
     intx CICompilerCount                          = 4                                         {product} {ergonomic}
     uint ConcGCThreads                            = 3                                         {product} {ergonomic}
     uint G1ConcRefinementThreads                  = 10                                        {product} {ergonomic}
   size_t G1HeapRegionSize                         = 4194304                                   {product} {ergonomic}
    uintx GCDrainStackTargetSize                   = 64                                        {product} {ergonomic}
   size_t InitialHeapSize                          = 1073741824                                {product} {ergonomic}
   size_t MarkStackSize                            = 4194304                                   {product} {ergonomic}
   size_t MaxHeapSize                              = 17163091968                               {product} {ergonomic}
   size_t MinHeapDeltaBytes                        = 4194304                                   {product} {ergonomic}
    uintx NonNMethodCodeHeapSize                   = 5835340                                {pd product} {ergonomic}
    uintx NonProfiledCodeHeapSize                  = 122911450                              {pd product} {ergonomic}
    uintx ProfiledCodeHeapSize                     = 122911450                              {pd product} {ergonomic}
    uintx ReservedCodeCacheSize                    = 251658240                              {pd product} {ergonomic}
     bool SegmentedCodeCache                       = true                                      {product} {ergonomic}
     bool UseCompressedClassPointers               = true                                 {lp64_product} {ergonomic}
     bool UseCompressedOops                        = true                                 {lp64_product} {ergonomic}
     bool UseG1GC                                  = true                                      {product} {ergonomic}
     bool UseLargePagesIndividualAllocation        = false                                  {pd product} {ergonomic}

Logging:
Log output configuration:
 #0: stdout all=warning uptime,level,tags
 #1: stderr all=off uptime,level,tags

Environment Variables:
JAVA_HOME=G:\WORK\JAVA_FOLDER\JDKS\jdk-15.0.2
PATH=C:/Users/Mike/.p2/pool/plugins/org.eclipse.justj.openjdk.hotspot.jre.full.win32.x86_64_15.0.1.v20201027-0507/jre/bin/server;C:/Users/Mike/.p2/pool/plugins/org.eclipse.justj.openjdk.hotspot.jre.full.win32.x86_64_15.0.1.v20201027-0507/jre/bin;G:\WORK\JAVA_FOLDER\JDKS\jdk-15.0.2\bin;C:\Program Files (x86)\Common Files\Oracle\Java\javapath;C:\WINDOWS\system32;C:\WINDOWS;C:\WINDOWS\System32\Wbem;C:\WINDOWS\System32\WindowsPowerShell\v1.0\;C:\WINDOWS\System32\OpenSSH\;C:\Program Files\Dart\dart-sdk\bin;C:\Program Files\NVIDIA Corporation\NVIDIA NvDLISR;C:\Program Files (x86)\NVIDIA Corporation\PhysX\Common;G:\WORK\BD_INSTALADO\Postgre12\bin;C:\Program Files\Git\cmd;C:\Program Files\dotnet\;G:\WORK\maven\bin;C:\Program Files\nodejs\;C:\Program Files\Amazon\AWSCLIV2\;C:\Amazon\AWSSAMCLI\bin\;C:\Program Files\TortoiseGit\bin;C:\Program Files\Docker\Docker\resources\bin;C:\ProgramData\DockerDesktop\version-bin;G:\WORK\JAVA_FOLDER\JDKS\jdk-15.0.2\bin;C:\Users\Mike\AppData\Local\ValidatorBuddy;C:\Users\Mike\AppData\Local\Microsoft\WindowsApps;C:\Program Files\heroku\bin;G:\WORK\flutter\bin;G:\WORK\BD_INSTALADO\Postgre12\bin\;G:\WORK\.net\Microsoft VS Code\bin;C:\Users\Mike\.dotnet\tools;C:\Users\Mike\AppData\Roaming\npm;;C:\Users\Mike\Desktop;
USERNAME=Mike
OS=Windows_NT
PROCESSOR_IDENTIFIER=Intel64 Family 6 Model 45 Stepping 6, GenuineIntel



---------------  S Y S T E M  ---------------

OS: Windows 10 , 64 bit Build 18362 (10.0.18362.1110)

CPU:total 12 (initial active 12) (6 cores per cpu, 2 threads per core) family 6 model 45 stepping 6, cmov, cx8, fxsr, mmx, sse, sse2, sse3, ssse3, sse4.1, sse4.2, popcnt, avx, aes, clmul, ht, tsc, tscinvbit, tscinv

Memory: 4k page, system-wide physical 65463M (40301M free)
TotalPageFile size 122017M (AvailPageFile size 19M)
current process WorkingSet (physical memory assigned to process): 10M, peak: 10M
current process commit charge ("private bytes"): 1091M, peak: 1107M

vm_info: OpenJDK 64-Bit Server VM (11.0.2+9) for windows-amd64 JRE (11.0.2+9), built on Jan 18 2019 05:23:22 by "mach5one" with MS VC++ 15.5 (VS2017)

END.
